[2023-02-28 11:21:37,226]^;WARNING^;88^;_internal.py^;_log()^; * Debugger is active!
[2023-02-28 1[2023-02-28 11:37:00,439]^;INFO^;88^;_internal.py^;_log()^; * Restarting with windowsapi reloader
[2023-02-28 12:27:55,018]^;INFO^;88^;_internal.py^;_log()^; * Restarting with windowsapi reloader
[2023-02-28 12:27:57,688]^;INFO^;88^;_internal.py^;_log()^; * Restarting with windowsapi reloader
k line number: [11] and exception block line number: [13] error message: [We are testing custom exception]
[2023-02-28 11:22:00,786]^;INFO^;15^;app.py^;index()^;we are testing logging module
[2023-02-28 11:22:00,786]^;INFO^;88^;_internal.py^;_log()^;127.0.0.1 - - [28/Feb/2023 11:22:00] "GET / HTTP/1.1" 200 -
[2023-02-28 11:36:59,900]^;INFO^;88^;_internal.py^;_log()^; * Detected change in 'C:\\ProgramData\\Anaconda3\\Scripts\\conda-script.py', reloading
[2023-02-28 11:36:59,919]^;INFO^;88^;_internal.py^;_log()^; * Detected change in 'C:\\ProgramData\\Anaconda3\\Lib\\encodings\\__pycache__\\__init__.cpython-37.pyc', reloading
[2023-02-28 11:36:59,920]^;INFO^;88^;_internal.py^;_log()^; * Detected change in 'C:\\ProgramData\\Anaconda3\\Lib\\__pycache__\\codecs.cpython-37.pyc', reloading
[2023-02-28 11:36:59,922]^;INFO^;88^;_internal.py^;_log()^; * Detected change in 'C:\\ProgramData\\Anaconda3\\Lib\\encodings\\__pycache__\\aliases.cpython-37.pyc', reloading
[2023-02-28 11:36:59,923]^;INFO^;88^;_internal.py^;_log()^; * Detected change in 'C:\\ProgramData\\Anaconda3\\Lib\\encodings\\__pycache__\\utf_8.cpython-37.pyc', reloading
[2023-02-28 11:36:59,924]^;INFO^;88^;_internal.py^;_log()^; * Detected change in 'C:\\ProgramData\\Anaconda3\\Lib\\encodings\\__pycache__\\latin_1.cpython-37.pyc', reloading
[2023-02-28 11:36:59,925]^;INFO^;88^;_internal.py^;_log()^; * Detected change in 'C:\\ProgramData\\Anaconda3\\Lib\\__pycache__\\io.cpython-37.pyc', reloading
[2023-02-28 11:36:59,926]^;INFO^;88^;_internal.py^;_log()^; * Detected change in 'C:\\ProgramData\\Anaconda3\\Lib\\__pycache__\\abc.cpython-37.pyc', reloading
[2023-02-28 11:36:59,927]^;INFO^;88^;_internal.py^;_log()^; * Detected change in 'C:\\ProgramData\\Anaconda3\\Lib\\encodings\\__pycache__\\cp437.cpython-37.pyc', reloading
[2023-02-28 11:36:59,928]^;INFO^;88^;_internal.py^;_log()^; * Detected change in 'C:\\ProgramData\\Anaconda3\\Lib\\__pycache__\\_bootlocale.cpython-37.pyc', reloading
[2023-02-28 11:36:59,929]^;INFO^;88^;_internal.py^;_log()^; * Detected change in 'C:\\ProgramData\\Anaconda3\\Lib\\encodings\\__pycache__\\cp1252.cpython-37.pyc', reloading
[2023-02-28 11:36:59,930]^;INFO^;88^;_internal.py^;_log()^; * Detected change in 'C:\\ProgramData\\Anaconda3\\Lib\\__pycache__\\site.cpython-37.pyc', reloading
[2023-02-28 11:36:59,931]^;INFO^;88^;_internal.py^;_log()^; * Detected change in 'C:\\ProgramData\\Anaconda3\\Lib\\__pycache__\\os.cpython-37.pyc', reloading
[2023-02-28 11:36:59,932]^;INFO^;88^;_internal.py^;_log()^; * Detected change in 'C:\\ProgramData\\Anaconda3\\Lib\\__pycache__\\stat.cpython-37.pyc', reloading
[2023-02-28 11:36:59,933]^;INFO^;88^;_internal.py^;_log()^; * Detected change in 'C:\\ProgramData\\Anaconda3\\Lib\\__pycache__\\ntpath.cpython-37.pyc', reloading
[2023-02-28 11:36:59,933]^;INFO^;88^;_internal.py^;_log()^; * Detected change in 'C:\\ProgramData\\Anaconda3\\Lib\\__pycache__\\genericpath.cpython-37.pyc', reloading
[2023-02-28 11:36:59,935]^;INFO^;88^;_internal.py^;_log()^; * Detected change in 'C:\\ProgramData\\Anaconda3\\Lib\\__pycache__\\_collections_abc.cpython-37.pyc', reloading
[2023-02-28 11:36:59,937]^;INFO^;88^;_internal.py^;_log()^; * Detected change in 'C:\\ProgramData\\Anaconda3\\Lib\\__pycache__\\_sitebuiltins.cpython-37.pyc', reloading
[2023-02-28 11:36:59,942]^;INFO^;88^;_internal.py^;_log()^; * Detected change in 'C:\\ProgramData\\Anaconda3\\Lib\\__pycache__\\types.cpython-37.pyc', reloading
[2023-02-28 11:36:59,943]^;INFO^;88^;_internal.py^;_log()^; * Detected change in 'C:\\ProgramData\\Anaconda3\\Lib\\importlib\\__pycache__\\__init__.cpython-37.pyc', reloading
[2023-02-28 11:36:59,943]^;INFO^;88^;_internal.py^;_log()^; * Detected change in 'C:\\ProgramData\\Anaconda3\\Lib\\__pycache__\\warnings.cpython-37.pyc', reloading
[2023-02-28 11:36:59,945]^;INFO^;88^;_internal.py^;_log()^; * Detected change in 'C:\\ProgramData\\Anaconda3\\Lib\\importlib\\__pycache__\\util.cpython-37.pyc', reloading
[2023-02-28 11:36:59,946]^;INFO^;88^;_internal.py^;_log()^; * Detected change in 'C:\\ProgramData\\Anaconda3\\Lib\\importlib\\__pycache__\\abc.cpython-37.pyc', reloading
[2023-02-28 11:36:59,947]^;INFO^;88^;_internal.py^;_log()^; * Detected change in 'C:\\ProgramData\\Anaconda3\\Lib\\importlib\\__pycache__\\machinery.cpython-37.pyc', reloading
[2023-02-28 11:36:59,948]^;INFO^;88^;_internal.py^;_log()^; * Detected change in 'C:\\ProgramData\\Anaconda3\\Lib\\__pycache__\\contextlib.cpython-37.pyc', reloading
[2023-02-28 11:36:59,949]^;INFO^;88^;_internal.py^;_log()^; * Detected change in 'C:\\ProgramData\\Anaconda3\\Lib\\collections\\__pycache__\\__init__.cpython-37.pyc', reloading
[2023-02-28 11:36:59,951]^;INFO^;88^;_internal.py^;_log()^; * Detected change in 'C:\\ProgramData\\Anaconda3\\Lib\\__pycache__\\operator.cpython-37.pyc', reloading
[2023-02-28 11:36:59,952]^;INFO^;88^;_internal.py^;_log()^; * Detected change in 'C:\\ProgramData\\Anaconda3\\Lib\\__pycache__\\keyword.cpython-37.pyc', reloading
[2023-02-28 11:36:59,953]^;INFO^;88^;_internal.py^;_log()^; * Detected change in 'C:\\ProgramData\\Anaconda3\\Lib\\__pycache__\\heapq.cpython-37.pyc', reloading
[2023-02-28 11:36:59,954]^;INFO^;88^;_internal.py^;_log()^; * Detected change in 'C:\\ProgramData\\Anaconda3\\Lib\\__pycache__\\reprlib.cpython-37.pyc', reloading
[2023-02-28 11:36:59,955]^;INFO^;88^;_internal.py^;_log()^; * Detected change in 'C:\\ProgramData\\Anaconda3\\Lib\\__pycache__\\functools.cpython-37.pyc', reloading
[2023-02-28 11:36:59,968]^;INFO^;88^;_internal.py^;_log()^; * Detected change in 'C:\\ProgramData\\Anaconda3\\Lib\\site-packages\\conda\\__pycache__\\__init__.cpython-37.pyc', reloading
[2023-02-28 11:36:59,969]^;INFO^;88^;_internal.py^;_log()^; * Detected change in 'C:\\ProgramData\\Anaconda3\\Lib\\__pycache__\\__future__.cpython-37.pyc', reloading
[2023-02-28 11:36:59,971]^;INFO^;88^;_internal.py^;_log()^; * Detected change in 'C:\\ProgramData\\Anaconda3\\Lib\\site-packages\\conda\\common\\__pycache__\\__init__.cpython-37.pyc', reloading
[2023-02-28 11:36:59,972]^;INFO^;88^;_internal.py^;_log()^; * Detected change in 'C:\\ProgramData\\Anaconda3\\Lib\\site-packages\\conda\\common\\__pycache__\\compat.cpython-37.pyc', reloading
[2023-02-28 11:36:59,973]^;INFO^;88^;_internal.py^;_log()^; * Detected change in 'C:\\ProgramData\\Anaconda3\\Lib\\collections\\__pycache__\\abc.cpython-37.pyc', reloading
[2023-02-28 11:36:59,975]^;INFO^;88^;_internal.py^;_log()^; * Detected change in 'C:\\ProgramData\\Anaconda3\\Lib\\json\\__pycache__\\__init__.cpython-37.pyc', reloading
[2023-02-28 11:36:59,976]^;INFO^;88^;_internal.py^;_log()^; * Detected change in 'C:\\ProgramData\\Anaconda3\\Lib\\json\\__pycache__\\decoder.cpython-37.pyc', reloading
[2023-02-28 11:36:59,977]^;INFO^;88^;_internal.py^;_log()^; * Detected change in 'C:\\ProgramData\\Anaconda3\\Lib\\__pycache__\\re.cpython-37.pyc', reloading
[2023-02-28 11:36:59,978]^;INFO^;88^;_internal.py^;_log()^; * Detected change in 'C:\\ProgramData\\Anaconda3\\Lib\\__pycache__\\enum.cpython-37.pyc', reloading
[2023-02-28 11:36:59,979]^;INFO^;88^;_internal.py^;_log()^; * Detected change in 'C:\\ProgramData\\Anaconda3\\Lib\\__pycache__\\sre_compile.cpython-37.pyc', reloading
[2023-02-28 11:36:59,981]^;INFO^;88^;_internal.py^;_log()^; * Detected change in 'C:\\ProgramData\\Anaconda3\\Lib\\__pycache__\\sre_parse.cpython-37.pyc', reloading
[2023-02-28 11:36:59,982]^;INFO^;88^;_internal.py^;_log()^; * Detected change in 'C:\\ProgramData\\Anaconda3\\Lib\\__pycache__\\sre_constants.cpython-37.pyc', reloading
[2023-02-28 11:36:59,983]^;INFO^;88^;_internal.py^;_log()^; * Detected change in 'C:\\ProgramData\\Anaconda3\\Lib\\__pycache__\\copyreg.cpython-37.pyc', reloading
[2023-02-28 11:36:59,984]^;INFO^;88^;_internal.py^;_log()^; * Detected change in 'C:\\ProgramData\\Anaconda3\\Lib\\json\\__pycache__\\scanner.cpython-37.pyc', reloading
[2023-02-28 11:36:59,986]^;INFO^;88^;_internal.py^;_log()^; * Detected change in 'C:\\ProgramData\\Anaconda3\\Lib\\json\\__pycache__\\encoder.cpython-37.pyc', reloading
[2023-02-28 11:36:59,988]^;INFO^;88^;_internal.py^;_log()^; * Detected change in 'C:\\ProgramData\\Anaconda3\\Lib\\site-packages\\conda\\cli\\__pycache__\\__init__.cpython-37.pyc', reloading
[2023-02-28 11:36:59,989]^;INFO^;88^;_internal.py^;_log()^; * Detected change in 'C:\\ProgramData\\Anaconda3\\Lib\\site-packages\\conda\\cli\\__pycache__\\main.cpython-37.pyc', reloading
[2023-02-28 11:36:59,990]^;INFO^;88^;_internal.py^;_log()^; * Detected change in 'C:\\ProgramData\\Anaconda3\\Lib\\site-packages\\conda\\__pycache__\\exceptions.cpython-37.pyc', reloading
[2023-02-28 11:36:59,992]^;INFO^;88^;_internal.py^;_log()^; * Detected change in 'C:\\ProgramData\\Anaconda3\\Lib\\__pycache__\\datetime.cpython-37.pyc', reloading
[2023-02-28 11:36:59,995]^;INFO^;88^;_internal.py^;_log()^; * Detected change in 'C:\\ProgramData\\Anaconda3\\Lib\\logging\\__pycache__\\__init__.cpython-37.pyc', reloading
[2023-02-28 11:36:59,996]^;INFO^;88^;_internal.py^;_log()^; * Detected change in 'C:\\ProgramData\\Anaconda3\\Lib\\__pycache__\\traceback.cpython-37.pyc', reloading
[2023-02-28 11:36:59,997]^;INFO^;88^;_internal.py^;_log()^; * Detected change in 'C:\\ProgramData\\Anaconda3\\Lib\\__pycache__\\linecache.cpython-37.pyc', reloading
[2023-02-28 11:36:59,998]^;INFO^;88^;_internal.py^;_log()^; * Detected change in 'C:\\ProgramData\\Anaconda3\\Lib\\__pycache__\\tokenize.cpython-37.pyc', reloading
[2023-02-28 11:36:59,999]^;INFO^;88^;_internal.py^;_log()^; * Detected change in 'C:\\ProgramData\\Anaconda3\\Lib\\__pycache__\\token.cpython-37.pyc', reloading
[2023-02-28 11:37:00,001]^;INFO^;88^;_internal.py^;_log()^; * Detected change in 'C:\\ProgramData\\Anaconda3\\Lib\\__pycache__\\weakref.cpython-37.pyc', reloading
[2023-02-28 11:37:00,002]^;INFO^;88^;_internal.py^;_log()^; * Detected change in 'C:\\ProgramData\\Anaconda3\\Lib\\__pycache__\\_weakrefset.cpython-37.pyc', reloading
[2023-02-28 11:37:00,003]^;INFO^;88^;_internal.py^;_log()^; * Detected change in 'C:\\ProgramData\\Anaconda3\\Lib\\__pycache__\\string.cpython-37.pyc', reloading
[2023-02-28 11:37:00,006]^;INFO^;88^;_internal.py^;_log()^; * Detected change in 'C:\\ProgramData\\Anaconda3\\Lib\\__pycache__\\threading.cpython-37.pyc', reloading
[2023-02-28 11:37:00,010]^;INFO^;88^;_internal.py^;_log()^; * Detected change in 'C:\\ProgramData\\Anaconda3\\Lib\\__pycache__\\textwrap.cpython-37.pyc', reloading
[2023-02-28 11:37:00,013]^;INFO^;88^;_internal.py^;_log()^; * Detected change in 'C:\\ProgramData\\Anaconda3\\Lib\\site-packages\\conda\\_vendor\\__pycache__\\__init__.cpython-37.pyc', reloading
[2023-02-28 11:37:00,013]^;INFO^;88^;_internal.py^;_log()^; * Detected change in 'C:\\ProgramData\\Anaconda3\\Lib\\site-packages\\conda\\_vendor\\auxlib\\__pycache__\\__init__.cpython-37.pyc', reloading
[2023-02-28 11:37:00,015]^;INFO^;88^;_internal.py^;_log()^; * Detected change in 'C:\\ProgramData\\Anaconda3\\Lib\\site-packages\\conda\\_vendor\\auxlib\\__pycache__\\entity.cpython-37.pyc', reloading
[2023-02-28 11:37:00,016]^;INFO^;88^;_internal.py^;_log()^; * Detected change in 'C:\\ProgramData\\Anaconda3\\Lib\\site-packages\\conda\\_vendor\\auxlib\\_vendor\\__pycache__\\__init__.cpython-37.pyc', reloading
[2023-02-28 11:37:00,017]^;INFO^;88^;_internal.py^;_log()^; * Detected change in 'C:\\ProgramData\\Anaconda3\\Lib\\site-packages\\conda\\_vendor\\auxlib\\_vendor\\boltons\\__pycache__\\__init__.cpython-37.pyc', reloading
[2023-02-28 11:37:00,018]^;INFO^;88^;_internal.py^;_log()^; * Detected change in 'C:\\ProgramData\\Anaconda3\\Lib\\site-packages\\conda\\_vendor\\auxlib\\_vendor\\boltons\\__pycache__\\timeutils.cpython-37.pyc', reloading
[2023-02-28 11:37:00,019]^;INFO^;88^;_internal.py^;_log()^; * Detected change in 'C:\\ProgramData\\Anaconda3\\Lib\\__pycache__\\bisect.cpython-37.pyc', reloading
[2023-02-28 11:37:00,021]^;INFO^;88^;_internal.py^;_log()^; * Detected change in 'C:\\ProgramData\\Anaconda3\\Lib\\site-packages\\conda\\_vendor\\auxlib\\__pycache__\\collection.cpython-37.pyc', reloading
[2023-02-28 11:37:00,022]^;INFO^;88^;_internal.py^;_log()^; * Detected change in 'C:\\ProgramData\\Anaconda3\\Lib\\site-packages\\conda\\_vendor\\auxlib\\__pycache__\\compat.cpython-37.pyc', reloading
[2023-02-28 11:37:00,023]^;INFO^;88^;_internal.py^;_log()^; * Detected change in 'C:\\ProgramData\\Anaconda3\\Lib\\site-packages\\conda\\_vendor\\auxlib\\_vendor\\__pycache__\\five.cpython-37.pyc', reloading
[2023-02-28 11:37:00,024]^;INFO^;88^;_internal.py^;_log()^; * Detected change in 'C:\\ProgramData\\Anaconda3\\Lib\\__pycache__\\imp.cpython-37.pyc', reloading
[2023-02-28 11:37:00,026]^;INFO^;88^;_internal.py^;_log()^; * Detected change in 'C:\\ProgramData\\Anaconda3\\Lib\\site-packages\\conda\\_vendor\\auxlib\\_vendor\\__pycache__\\six.cpython-37.pyc', reloading
[2023-02-28 11:37:00,029]^;INFO^;88^;_internal.py^;_log()^; * Detected change in 'C:\\ProgramData\\Anaconda3\\Lib\\__pycache__\\struct.cpython-37.pyc', reloading
[2023-02-28 11:37:00,029]^;INFO^;88^;_internal.py^;_log()^; * Detected change in 'C:\\ProgramData\\Anaconda3\\Lib\\__pycache__\\shlex.cpython-37.pyc', reloading
[2023-02-28 11:37:00,030]^;INFO^;88^;_internal.py^;_log()^; * Detected change in 'C:\\ProgramData\\Anaconda3\\Lib\\__pycache__\\tempfile.cpython-37.pyc', reloading
[2023-02-28 11:37:00,031]^;INFO^;88^;_internal.py^;_log()^; * Detected change in 'C:\\ProgramData\\Anaconda3\\Lib\\__pycache__\\shutil.cpython-37.pyc', reloading
[2023-02-28 11:37:00,032]^;INFO^;88^;_internal.py^;_log()^; * Detected change in 'C:\\ProgramData\\Anaconda3\\Lib\\__pycache__\\fnmatch.cpython-37.pyc', reloading
[2023-02-28 11:37:00,033]^;INFO^;88^;_internal.py^;_log()^; * Detected change in 'C:\\ProgramData\\Anaconda3\\Lib\\__pycache__\\posixpath.cpython-37.pyc', reloading
[2023-02-28 11:37:00,034]^;INFO^;88^;_internal.py^;_log()^; * Detected change in 'C:\\ProgramData\\Anaconda3\\Lib\\__pycache__\\bz2.cpython-37.pyc', reloading
[2023-02-28 11:37:00,036]^;INFO^;88^;_internal.py^;_log()^; * Detected change in 'C:\\ProgramData\\Anaconda3\\Lib\\__pycache__\\_compression.cpython-37.pyc', reloading
[2023-02-28 11:37:00,040]^;INFO^;88^;_internal.py^;_log()^; * Detected change in 'C:\\ProgramData\\Anaconda3\\Lib\\__pycache__\\lzma.cpython-37.pyc', reloading
[2023-02-28 11:37:00,045]^;INFO^;88^;_internal.py^;_log()^; * Detected change in 'C:\\ProgramData\\Anaconda3\\Lib\\__pycache__\\random.cpython-37.pyc', reloading
[2023-02-28 11:37:00,046]^;INFO^;88^;_internal.py^;_log()^; * Detected change in 'C:\\ProgramData\\Anaconda3\\Lib\\__pycache__\\hashlib.cpython-37.pyc', reloading
[2023-02-28 11:37:00,053]^;INFO^;88^;_internal.py^;_log()^; * Detected change in 'C:\\ProgramData\\Anaconda3\\Lib\\site-packages\\conda\\_vendor\\auxlib\\__pycache__\\exceptions.cpython-37.pyc', reloading
[2023-02-28 11:37:00,054]^;INFO^;88^;_internal.py^;_log()^; * Detected change in 'C:\\ProgramData\\Anaconda3\\Lib\\site-packages\\conda\\_vendor\\auxlib\\__pycache__\\ish.cpython-37.pyc', reloading
[2023-02-28 11:37:00,055]^;INFO^;88^;_internal.py^;_log()^; * Detected change in 'C:\\ProgramData\\Anaconda3\\Lib\\site-packages\\conda\\_vendor\\auxlib\\__pycache__\\logz.cpython-37.pyc', reloading
[2023-02-28 11:37:00,056]^;INFO^;88^;_internal.py^;_log()^; * Detected change in 'C:\\ProgramData\\Anaconda3\\Lib\\__pycache__\\pprint.cpython-37.pyc', reloading
[2023-02-28 11:37:00,058]^;INFO^;88^;_internal.py^;_log()^; * Detected change in 'C:\\ProgramData\\Anaconda3\\Lib\\site-packages\\conda\\_vendor\\auxlib\\__pycache__\\type_coercion.cpython-37.pyc', reloading
[2023-02-28 11:37:00,059]^;INFO^;88^;_internal.py^;_log()^; * Detected change in 'C:\\ProgramData\\Anaconda3\\Lib\\site-packages\\conda\\_vendor\\auxlib\\__pycache__\\decorators.cpython-37.pyc', reloading
[2023-02-28 11:37:00,060]^;INFO^;88^;_internal.py^;_log()^; * Detected change in 'C:\\ProgramData\\Anaconda3\\Lib\\site-packages\\conda\\_vendor\\toolz\\__pycache__\\__init__.cpython-37.pyc', reloading
[2023-02-28 11:37:00,061]^;INFO^;88^;_internal.py^;_log()^; * Detected change in 'C:\\ProgramData\\Anaconda3\\Lib\\site-packages\\cytoolz\\__pycache__\\__init__.cpython-37.pyc', reloading
[2023-02-28 11:37:00,066]^;INFO^;88^;_internal.py^;_log()^; * Detected change in 'C:\\ProgramData\\Anaconda3\\Lib\\site-packages\\cytoolz\\__pycache__\\compatibility.cpython-37.pyc', reloading
[2023-02-28 11:37:00,069]^;INFO^;88^;_internal.py^;_log()^; * Detected change in 'C:\\ProgramData\\Anaconda3\\Lib\\site-packages\\toolz\\__pycache__\\__init__.cpython-37.pyc', reloading
[2023-02-28 11:37:00,070]^;INFO^;88^;_internal.py^;_log()^; * Detected change in 'C:\\ProgramData\\Anaconda3\\Lib\\site-packages\\toolz\\__pycache__\\itertoolz.cpython-37.pyc', reloading
[2023-02-28 11:37:00,071]^;INFO^;88^;_internal.py^;_log()^; * Detected change in 'C:\\ProgramData\\Anaconda3\\Lib\\site-packages\\toolz\\__pycache__\\compatibility.cpython-37.pyc', reloading
[2023-02-28 11:37:00,071]^;INFO^;88^;_internal.py^;_log()^; * Detected change in 'C:\\ProgramData\\Anaconda3\\Lib\\site-packages\\toolz\\__pycache__\\utils.cpython-37.pyc', reloading
[2023-02-28 11:37:00,072]^;INFO^;88^;_internal.py^;_log()^; * Detected change in 'C:\\ProgramData\\Anaconda3\\Lib\\site-packages\\toolz\\__pycache__\\functoolz.cpython-37.pyc', reloading
[2023-02-28 11:37:00,073]^;INFO^;88^;_internal.py^;_log()^; * Detected change in 'C:\\ProgramData\\Anaconda3\\Lib\\__pycache__\\inspect.cpython-37.pyc', reloading
[2023-02-28 11:37:00,075]^;INFO^;88^;_internal.py^;_log()^; * Detected change in 'C:\\ProgramData\\Anaconda3\\Lib\\__pycache__\\dis.cpython-37.pyc', reloading
[2023-02-28 11:37:00,076]^;INFO^;88^;_internal.py^;_log()^; * Detected change in 'C:\\ProgramData\\Anaconda3\\Lib\\__pycache__\\opcode.cpython-37.pyc', reloading
[2023-02-28 11:37:00,079]^;INFO^;88^;_internal.py^;_log()^; * Detected change in 'C:\\ProgramData\\Anaconda3\\Lib\\site-packages\\toolz\\__pycache__\\_signatures.cpython-37.pyc', reloading
[2023-02-28 11:37:00,080]^;INFO^;88^;_internal.py^;_log()^; * Detected change in 'C:\\ProgramData\\Anaconda3\\Lib\\site-packages\\toolz\\__pycache__\\dicttoolz.cpython-37.pyc', reloading
[2023-02-28 11:37:00,081]^;INFO^;88^;_internal.py^;_log()^; * Detected change in 'C:\\ProgramData\\Anaconda3\\Lib\\__pycache__\\copy.cpython-37.pyc', reloading
[2023-02-28 11:37:00,082]^;INFO^;88^;_internal.py^;_log()^; * Detected change in 'C:\\ProgramData\\Anaconda3\\Lib\\site-packages\\toolz\\__pycache__\\recipes.cpython-37.pyc', reloading
[2023-02-28 11:37:00,083]^;INFO^;88^;_internal.py^;_log()^; * Detected change in 'C:\\ProgramData\\Anaconda3\\Lib\\site-packages\\toolz\\sandbox\\__pycache__\\__init__.cpython-37.pyc', reloading
[2023-02-28 11:37:00,084]^;INFO^;88^;_internal.py^;_log()^; * Detected change in 'C:\\ProgramData\\Anaconda3\\Lib\\site-packages\\toolz\\sandbox\\__pycache__\\core.cpython-37.pyc', reloading
[2023-02-28 11:37:00,085]^;INFO^;88^;_internal.py^;_log()^; * Detected change in 'C:\\ProgramData\\Anaconda3\\Lib\\site-packages\\toolz\\sandbox\\__pycache__\\parallel.cpython-37.pyc', reloading
[2023-02-28 11:37:00,093]^;INFO^;88^;_internal.py^;_log()^; * Detected change in 'C:\\ProgramData\\Anaconda3\\Lib\\site-packages\\cytoolz\\__pycache__\\_signatures.cpython-37.pyc', reloading
[2023-02-28 11:37:00,101]^;INFO^;88^;_internal.py^;_log()^; * Detected change in 'C:\\ProgramData\\Anaconda3\\Lib\\site-packages\\cytoolz\\__pycache__\\_version.cpython-37.pyc', reloading
[2023-02-28 11:37:00,101]^;INFO^;88^;_internal.py^;_log()^; * Detected change in 'C:\\ProgramData\\Anaconda3\\Lib\\site-packages\\conda\\base\\__pycache__\\__init__.cpython-37.pyc', reloading
[2023-02-28 11:37:00,102]^;INFO^;88^;_internal.py^;_log()^; * Detected change in 'C:\\ProgramData\\Anaconda3\\Lib\\site-packages\\conda\\base\\__pycache__\\constants.cpython-37.pyc', reloading
[2023-02-28 11:37:00,103]^;INFO^;88^;_internal.py^;_log()^; * Detected change in 'C:\\ProgramData\\Anaconda3\\Lib\\site-packages\\conda\\common\\__pycache__\\io.cpython-37.pyc', reloading
[2023-02-28 11:37:00,105]^;INFO^;88^;_internal.py^;_log()^; * Detected change in 'C:\\ProgramData\\Anaconda3\\Lib\\concurrent\\__pycache__\\__init__.cpython-37.pyc', reloading
[2023-02-28 11:37:00,106]^;INFO^;88^;_internal.py^;_log()^; * Detected change in 'C:\\ProgramData\\Anaconda3\\Lib\\concurrent\\futures\\__pycache__\\__init__.cpython-37.pyc', reloading
[2023-02-28 11:37:00,108]^;INFO^;88^;_internal.py^;_log()^; * Detected change in 'C:\\ProgramData\\Anaconda3\\Lib\\concurrent\\futures\\__pycache__\\_base.cpython-37.pyc', reloading
[2023-02-28 11:37:00,109]^;INFO^;88^;_internal.py^;_log()^; * Detected change in 'C:\\ProgramData\\Anaconda3\\Lib\\concurrent\\futures\\__pycache__\\thread.cpython-37.pyc', reloading
[2023-02-28 11:37:00,110]^;INFO^;88^;_internal.py^;_log()^; * Detected change in 'C:\\ProgramData\\Anaconda3\\Lib\\__pycache__\\queue.cpython-37.pyc', reloading
[2023-02-28 11:37:00,113]^;INFO^;88^;_internal.py^;_log()^; * Detected change in 'C:\\ProgramData\\Anaconda3\\Lib\\__pycache__\\signal.cpython-37.pyc', reloading
[2023-02-28 11:37:00,115]^;INFO^;88^;_internal.py^;_log()^; * Detected change in 'C:\\ProgramData\\Anaconda3\\Lib\\site-packages\\conda\\common\\__pycache__\\constants.cpython-37.pyc', reloading
[2023-02-28 11:37:00,115]^;INFO^;88^;_internal.py^;_log()^; * Detected change in 'C:\\ProgramData\\Anaconda3\\Lib\\site-packages\\conda\\common\\__pycache__\\path.cpython-37.pyc', reloading
[2023-02-28 11:37:00,116]^;INFO^;88^;_internal.py^;_log()^; * Detected change in 'C:\\ProgramData\\Anaconda3\\Lib\\__pycache__\\subprocess.cpython-37.pyc', reloading
[2023-02-28 11:37:00,118]^;INFO^;88^;_internal.py^;_log()^; * Detected change in 'C:\\ProgramData\\Anaconda3\\Lib\\urllib\\__pycache__\\__init__.cpython-37.pyc', reloading
[2023-02-28 11:37:00,119]^;INFO^;88^;_internal.py^;_log()^; * Detected change in 'C:\\ProgramData\\Anaconda3\\Lib\\urllib\\__pycache__\\parse.cpython-37.pyc', reloading
[2023-02-28 11:37:00,121]^;INFO^;88^;_internal.py^;_log()^; * Detected change in 'C:\\ProgramData\\Anaconda3\\Lib\\site-packages\\conda\\_vendor\\tqdm\\__pycache__\\__init__.cpython-37.pyc', reloading
[2023-02-28 11:37:00,121]^;INFO^;88^;_internal.py^;_log()^; * Detected change in 'C:\\ProgramData\\Anaconda3\\Lib\\site-packages\\conda\\_vendor\\tqdm\\__pycache__\\_tqdm.cpython-37.pyc', reloading
[2023-02-28 11:37:00,122]^;INFO^;88^;_internal.py^;_log()^; * Detected change in 'C:\\ProgramData\\Anaconda3\\Lib\\site-packages\\conda\\_vendor\\tqdm\\__pycache__\\_utils.cpython-37.pyc', reloading
[2023-02-28 11:37:00,124]^;INFO^;88^;_internal.py^;_log()^; * Detected change in 'C:\\ProgramData\\Anaconda3\\Lib\\__pycache__\\platform.cpython-37.pyc', reloading
[2023-02-28 11:37:00,130]^;INFO^;88^;_internal.py^;_log()^; * Detected change in 'C:\\ProgramData\\Anaconda3\\Lib\\__pycache__\\socket.cpython-37.pyc', reloading
[2023-02-28 11:37:00,134]^;INFO^;88^;_internal.py^;_log()^; * Detected change in 'C:\\ProgramData\\Anaconda3\\Lib\\__pycache__\\selectors.cpython-37.pyc', reloading
[2023-02-28 11:37:00,138]^;INFO^;88^;_internal.py^;_log()^; * Detected change in 'C:\\ProgramData\\Anaconda3\\Lib\\site-packages\\colorama\\__pycache__\\__init__.cpython-37.pyc', reloading
[2023-02-28 11:37:00,139]^;INFO^;88^;_internal.py^;_log()^; * Detected change in 'C:\\ProgramData\\Anaconda3\\Lib\\site-packages\\colorama\\__pycache__\\initialise.cpython-37.pyc', reloading
[2023-02-28 11:37:00,139]^;INFO^;88^;_internal.py^;_log()^; * Detected change in 'C:\\ProgramData\\Anaconda3\\Lib\\site-packages\\colorama\\__pycache__\\ansitowin32.cpython-37.pyc', reloading
[2023-02-28 11:37:00,140]^;INFO^;88^;_internal.py^;_log()^; * Detected change in 'C:\\ProgramData\\Anaconda3\\Lib\\site-packages\\colorama\\__pycache__\\ansi.cpython-37.pyc', reloading
[2023-02-28 11:37:00,142]^;INFO^;88^;_internal.py^;_log()^; * Detected change in 'C:\\ProgramData\\Anaconda3\\Lib\\site-packages\\colorama\\__pycache__\\winterm.cpython-37.pyc', reloading
[2023-02-28 11:37:00,143]^;INFO^;88^;_internal.py^;_log()^; * Detected change in 'C:\\ProgramData\\Anaconda3\\Lib\\site-packages\\colorama\\__pycache__\\win32.cpython-37.pyc', reloading
[2023-02-28 11:37:00,143]^;INFO^;88^;_internal.py^;_log()^; * Detected change in 'C:\\ProgramData\\Anaconda3\\Lib\\ctypes\\__pycache__\\__init__.cpython-37.pyc', reloading
[2023-02-28 11:37:00,149]^;INFO^;88^;_internal.py^;_log()^; * Detected change in 'C:\\ProgramData\\Anaconda3\\Lib\\ctypes\\__pycache__\\_endian.cpython-37.pyc', reloading
[2023-02-28 11:37:00,150]^;INFO^;88^;_internal.py^;_log()^; * Detected change in 'C:\\ProgramData\\Anaconda3\\Lib\\ctypes\\__pycache__\\wintypes.cpython-37.pyc', reloading
[2023-02-28 11:37:00,152]^;INFO^;88^;_internal.py^;_log()^; * Detected change in 'C:\\ProgramData\\Anaconda3\\Lib\\site-packages\\conda\\_vendor\\tqdm\\__pycache__\\_monitor.cpython-37.pyc', reloading
[2023-02-28 11:37:00,153]^;INFO^;88^;_internal.py^;_log()^; * Detected change in 'C:\\ProgramData\\Anaconda3\\Lib\\__pycache__\\numbers.cpython-37.pyc', reloading
[2023-02-28 11:37:00,153]^;INFO^;88^;_internal.py^;_log()^; * Detected change in 'C:\\ProgramData\\Anaconda3\\Lib\\multiprocessing\\__pycache__\\__init__.cpython-37.pyc', reloading
[2023-02-28 11:37:00,155]^;INFO^;88^;_internal.py^;_log()^; * Detected change in 'C:\\ProgramData\\Anaconda3\\Lib\\multiprocessing\\__pycache__\\context.cpython-37.pyc', reloading
[2023-02-28 11:37:00,156]^;INFO^;88^;_internal.py^;_log()^; * Detected change in 'C:\\ProgramData\\Anaconda3\\Lib\\multiprocessing\\__pycache__\\process.cpython-37.pyc', reloading
[2023-02-28 11:37:00,157]^;INFO^;88^;_internal.py^;_log()^; * Detected change in 'C:\\ProgramData\\Anaconda3\\Lib\\multiprocessing\\__pycache__\\reduction.cpython-37.pyc', reloading
[2023-02-28 11:37:00,159]^;INFO^;88^;_internal.py^;_log()^; * Detected change in 'C:\\ProgramData\\Anaconda3\\Lib\\__pycache__\\pickle.cpython-37.pyc', reloading
[2023-02-28 11:37:00,160]^;INFO^;88^;_internal.py^;_log()^; * Detected change in 'C:\\ProgramData\\Anaconda3\\Lib\\__pycache__\\_compat_pickle.cpython-37.pyc', reloading
[2023-02-28 11:37:00,163]^;INFO^;88^;_internal.py^;_log()^; * Detected change in 'C:\\ProgramData\\Anaconda3\\Lib\\multiprocessing\\__pycache__\\synchronize.cpython-37.pyc', reloading
[2023-02-28 11:37:00,165]^;INFO^;88^;_internal.py^;_log()^; * Detected change in 'C:\\ProgramData\\Anaconda3\\Lib\\multiprocessing\\__pycache__\\util.cpython-37.pyc', reloading
[2023-02-28 11:37:00,167]^;INFO^;88^;_internal.py^;_log()^; * Detected change in 'C:\\ProgramData\\Anaconda3\\Lib\\site-packages\\conda\\_vendor\\tqdm\\__pycache__\\_main.cpython-37.pyc', reloading
[2023-02-28 11:37:00,168]^;INFO^;88^;_internal.py^;_log()^; * Detected change in 'C:\\ProgramData\\Anaconda3\\Lib\\site-packages\\conda\\_vendor\\tqdm\\__pycache__\\_version.cpython-37.pyc', reloading
[2023-02-28 11:37:00,169]^;INFO^;88^;_internal.py^;_log()^; * Detected change in 'C:\\ProgramData\\Anaconda3\\Lib\\site-packages\\conda\\common\\__pycache__\\signals.cpython-37.pyc', reloading
[2023-02-28 11:37:00,171]^;INFO^;88^;_internal.py^;_log()^; * Detected change in 'C:\\ProgramData\\Anaconda3\\Lib\\site-packages\\conda\\cli\\__pycache__\\conda_argparse.cpython-37.pyc', reloading
[2023-02-28 11:37:00,172]^;INFO^;88^;_internal.py^;_log()^; * Detected change in 'C:\\ProgramData\\Anaconda3\\Lib\\__pycache__\\argparse.cpython-37.pyc', reloading
[2023-02-28 11:37:00,173]^;INFO^;88^;_internal.py^;_log()^; * Detected change in 'C:\\ProgramData\\Anaconda3\\Lib\\__pycache__\\gettext.cpython-37.pyc', reloading
[2023-02-28 11:37:00,175]^;INFO^;88^;_internal.py^;_log()^; * Detected change in 'C:\\ProgramData\\Anaconda3\\Lib\\__pycache__\\locale.cpython-37.pyc', reloading
[2023-02-28 11:37:00,185]^;INFO^;88^;_internal.py^;_log()^; * Detected change in 'C:\\ProgramData\\Anaconda3\\Lib\\site-packages\\conda\\base\\__pycache__\\context.cpython-37.pyc', reloading
[2023-02-28 11:37:00,186]^;INFO^;88^;_internal.py^;_log()^; * Detected change in 'C:\\ProgramData\\Anaconda3\\Lib\\site-packages\\conda\\_vendor\\__pycache__\\appdirs.cpython-37.pyc', reloading
[2023-02-28 11:37:00,187]^;INFO^;88^;_internal.py^;_log()^; * Detected change in 'C:\\ProgramData\\Anaconda3\\Lib\\site-packages\\win32com\\__pycache__\\__init__.cpython-37.pyc', reloading
[2023-02-28 11:37:00,193]^;INFO^;88^;_internal.py^;_log()^; * Detected change in 'C:\\ProgramData\\Anaconda3\\Lib\\site-packages\\__pycache__\\pythoncom.cpython-37.pyc', reloading
[2023-02-28 11:37:00,193]^;INFO^;88^;_internal.py^;_log()^; * Detected change in 'C:\\ProgramData\\Anaconda3\\Lib\\site-packages\\win32\\lib\\__pycache__\\pywintypes.cpython-37.pyc', reloading
[2023-02-28 11:37:00,202]^;INFO^;88^;_internal.py^;_log()^; * Detected change in 'C:\\ProgramData\\Anaconda3\\Lib\\site-packages\\win32comext\\shell\\__pycache__\\__init__.cpython-37.pyc', reloading
[2023-02-28 11:37:00,203]^;INFO^;88^;_internal.py^;_log()^; * Detected change in 'C:\\ProgramData\\Anaconda3\\Lib\\site-packages\\conda\\_vendor\\boltons\\__pycache__\\__init__.cpython-37.pyc', reloading
[2023-02-28 11:37:00,204]^;INFO^;88^;_internal.py^;_log()^; * Detected change in 'C:\\ProgramData\\Anaconda3\\Lib\\site-packages\\conda\\_vendor\\boltons\\__pycache__\\setutils.cpython-37.pyc', reloading
[2023-02-28 11:37:00,205]^;INFO^;88^;_internal.py^;_log()^; * Detected change in 'C:\\ProgramData\\Anaconda3\\Lib\\site-packages\\conda\\_vendor\\__pycache__\\frozendict.cpython-37.pyc', reloading
[2023-02-28 11:37:00,206]^;INFO^;88^;_internal.py^;_log()^; * Detected change in 'C:\\ProgramData\\Anaconda3\\Lib\\site-packages\\conda\\common\\__pycache__\\configuration.cpython-37.pyc', reloading
[2023-02-28 11:37:00,207]^;INFO^;88^;_internal.py^;_log()^; * Detected change in 'C:\\ProgramData\\Anaconda3\\Lib\\__pycache__\\glob.cpython-37.pyc', reloading
[2023-02-28 11:37:00,208]^;INFO^;88^;_internal.py^;_log()^; * Detected change in 'C:\\ProgramData\\Anaconda3\\Lib\\site-packages\\conda\\common\\__pycache__\\serialize.cpython-37.pyc', reloading
[2023-02-28 11:37:00,209]^;INFO^;88^;_internal.py^;_log()^; * Detected change in 'C:\\ProgramData\\Anaconda3\\Lib\\site-packages\\ruamel_yaml\\__pycache__\\__init__.cpython-37.pyc', reloading
[2023-02-28 11:37:00,210]^;INFO^;88^;_internal.py^;_log()^; * Detected change in 'C:\\ProgramData\\Anaconda3\\Lib\\site-packages\\ruamel_yaml\\__pycache__\\cyaml.cpython-37.pyc', reloading
[2023-02-28 11:37:00,211]^;INFO^;88^;_internal.py^;_log()^; * Detected change in 'C:\\ProgramData\\Anaconda3\\Lib\\site-packages\\ruamel_yaml\\ext\\__pycache__\\__init__.cpython-37.pyc', reloading
[2023-02-28 11:37:00,216]^;INFO^;88^;_internal.py^;_log()^; * Detected change in 'C:\\ProgramData\\Anaconda3\\Lib\\site-packages\\ruamel_yaml\\__pycache__\\error.cpython-37.pyc', reloading
[2023-02-28 11:37:00,217]^;INFO^;88^;_internal.py^;_log()^; * Detected change in 'C:\\ProgramData\\Anaconda3\\Lib\\site-packages\\ruamel_yaml\\__pycache__\\compat.cpython-37.pyc', reloading
[2023-02-28 11:37:00,219]^;INFO^;88^;_internal.py^;_log()^; * Detected change in 'C:\\ProgramData\\Anaconda3\\Lib\\site-packages\\ruamel_yaml\\__pycache__\\reader.cpython-37.pyc', reloading
[2023-02-28 11:37:00,219]^;INFO^;88^;_internal.py^;_log()^; * Detected change in 'C:\\ProgramData\\Anaconda3\\Lib\\site-packages\\ruamel_yaml\\__pycache__\\util.cpython-37.pyc', reloading
[2023-02-28 11:37:00,220]^;INFO^;88^;_internal.py^;_log()^; * Detected change in 'C:\\ProgramData\\Anaconda3\\Lib\\site-packages\\ruamel_yaml\\__pycache__\\scanner.cpython-37.pyc', reloading
[2023-02-28 11:37:00,222]^;INFO^;88^;_internal.py^;_log()^; * Detected change in 'C:\\ProgramData\\Anaconda3\\Lib\\site-packages\\ruamel_yaml\\__pycache__\\tokens.cpython-37.pyc', reloading
[2023-02-28 11:37:00,223]^;INFO^;88^;_internal.py^;_log()^; * Detected change in 'C:\\ProgramData\\Anaconda3\\Lib\\site-packages\\ruamel_yaml\\__pycache__\\parser.cpython-37.pyc', reloading
[2023-02-28 11:37:00,224]^;INFO^;88^;_internal.py^;_log()^; * Detected change in 'C:\\ProgramData\\Anaconda3\\Lib\\site-packages\\ruamel_yaml\\__pycache__\\events.cpython-37.pyc', reloading
[2023-02-28 11:37:00,225]^;INFO^;88^;_internal.py^;_log()^; * Detected change in 'C:\\ProgramData\\Anaconda3\\Lib\\site-packages\\ruamel_yaml\\__pycache__\\composer.cpython-37.pyc', reloading
[2023-02-28 11:37:00,226]^;INFO^;88^;_internal.py^;_log()^; * Detected change in 'C:\\ProgramData\\Anaconda3\\Lib\\site-packages\\ruamel_yaml\\__pycache__\\nodes.cpython-37.pyc', reloading
[2023-02-28 11:37:00,227]^;INFO^;88^;_internal.py^;_log()^; * Detected change in 'C:\\ProgramData\\Anaconda3\\Lib\\site-packages\\ruamel_yaml\\__pycache__\\constructor.cpython-37.pyc', reloading
[2023-02-28 11:37:00,228]^;INFO^;88^;_internal.py^;_log()^; * Detected change in 'C:\\ProgramData\\Anaconda3\\Lib\\__pycache__\\base64.cpython-37.pyc', reloading
[2023-02-28 11:37:00,229]^;INFO^;88^;_internal.py^;_log()^; * Detected change in 'C:\\ProgramData\\Anaconda3\\Lib\\site-packages\\ruamel_yaml\\__pycache__\\comments.cpython-37.pyc', reloading
[2023-02-28 11:37:00,230]^;INFO^;88^;_internal.py^;_log()^; * Detected change in 'C:\\ProgramData\\Anaconda3\\Lib\\site-packages\\ruamel_yaml\\__pycache__\\scalarstring.cpython-37.pyc', reloading
[2023-02-28 11:37:00,231]^;INFO^;88^;_internal.py^;_log()^; * Detected change in 'C:\\ProgramData\\Anaconda3\\Lib\\site-packages\\ruamel_yaml\\__pycache__\\scalarint.cpython-37.pyc', reloading
[2023-02-28 11:37:00,232]^;INFO^;88^;_internal.py^;_log()^; * Detected change in 'C:\\ProgramData\\Anaconda3\\Lib\\site-packages\\ruamel_yaml\\__pycache__\\scalarfloat.cpython-37.pyc', reloading
[2023-02-28 11:37:00,233]^;INFO^;88^;_internal.py^;_log()^; * Detected change in 'C:\\ProgramData\\Anaconda3\\Lib\\site-packages\\ruamel_yaml\\__pycache__\\timestamp.cpython-37.pyc', reloading
[2023-02-28 11:37:00,233]^;INFO^;88^;_internal.py^;_log()^; * Detected change in 'C:\\ProgramData\\Anaconda3\\Lib\\site-packages\\ruamel_yaml\\__pycache__\\emitter.cpython-37.pyc', reloading
[2023-02-28 11:37:00,235]^;INFO^;88^;_internal.py^;_log()^; * Detected change in 'C:\\ProgramData\\Anaconda3\\Lib\\site-packages\\ruamel_yaml\\__pycache__\\serializer.cpython-37.pyc', reloading
[2023-02-28 11:37:00,236]^;INFO^;88^;_internal.py^;_log()^; * Detected change in 'C:\\ProgramData\\Anaconda3\\Lib\\site-packages\\ruamel_yaml\\__pycache__\\representer.cpython-37.pyc', reloading
[2023-02-28 11:37:00,241]^;INFO^;88^;_internal.py^;_log()^; * Detected change in 'C:\\ProgramData\\Anaconda3\\Lib\\site-packages\\ruamel_yaml\\__pycache__\\resolver.cpython-37.pyc', reloading
[2023-02-28 11:37:00,242]^;INFO^;88^;_internal.py^;_log()^; * Detected change in 'C:\\ProgramData\\Anaconda3\\Lib\\site-packages\\ruamel_yaml\\__pycache__\\main.cpython-37.pyc', reloading
[2023-02-28 11:37:00,243]^;INFO^;88^;_internal.py^;_log()^; * Detected change in 'C:\\ProgramData\\Anaconda3\\Lib\\site-packages\\ruamel_yaml\\__pycache__\\loader.cpython-37.pyc', reloading
[2023-02-28 11:37:00,244]^;INFO^;88^;_internal.py^;_log()^; * Detected change in 'C:\\ProgramData\\Anaconda3\\Lib\\site-packages\\ruamel_yaml\\__pycache__\\dumper.cpython-37.pyc', reloading
[2023-02-28 11:37:00,246]^;INFO^;88^;_internal.py^;_log()^; * Detected change in 'C:\\ProgramData\\Anaconda3\\Lib\\site-packages\\conda\\common\\os\\__pycache__\\__init__.cpython-37.pyc', reloading
[2023-02-28 11:37:00,247]^;INFO^;88^;_internal.py^;_log()^; * Detected change in 'C:\\ProgramData\\Anaconda3\\Lib\\site-packages\\conda\\common\\os\\__pycache__\\windows.cpython-37.pyc', reloading
[2023-02-28 11:37:00,248]^;INFO^;88^;_internal.py^;_log()^; * Detected change in 'C:\\ProgramData\\Anaconda3\\Lib\\site-packages\\conda\\common\\os\\__pycache__\\linux.cpython-37.pyc', reloading
[2023-02-28 11:37:00,249]^;INFO^;88^;_internal.py^;_log()^; * Detected change in 'C:\\ProgramData\\Anaconda3\\Lib\\site-packages\\conda\\common\\__pycache__\\url.cpython-37.pyc', reloading
[2023-02-28 11:37:00,250]^;INFO^;88^;_internal.py^;_log()^; * Detected change in 'C:\\ProgramData\\Anaconda3\\Lib\\__pycache__\\getpass.cpython-37.pyc', reloading
[2023-02-28 11:37:00,251]^;INFO^;88^;_internal.py^;_log()^; * Detected change in 'C:\\ProgramData\\Anaconda3\\Lib\\site-packages\\conda\\_vendor\\urllib3\\__pycache__\\__init__.cpython-37.pyc', reloading
[2023-02-28 11:37:00,252]^;INFO^;88^;_internal.py^;_log()^; * Detected change in 'C:\\ProgramData\\Anaconda3\\Lib\\site-packages\\conda\\_vendor\\urllib3\\__pycache__\\exceptions.cpython-37.pyc', reloading
[2023-02-28 11:37:00,253]^;INFO^;88^;_internal.py^;_log()^; * Detected change in 'C:\\ProgramData\\Anaconda3\\Lib\\site-packages\\conda\\_vendor\\urllib3\\util\\__pycache__\\__init__.cpython-37.pyc', reloading
[2023-02-28 11:37:00,254]^;INFO^;88^;_internal.py^;_log()^; * Detected change in 'C:\\ProgramData\\Anaconda3\\Lib\\site-packages\\conda\\_vendor\\urllib3\\util\\__pycache__\\url.cpython-37.pyc', reloading
[2023-02-28 11:37:00,260]^;INFO^;88^;_internal.py^;_log()^; * Detected change in 'C:\\ProgramData\\Anaconda3\\Lib\\site-packages\\conda\\gateways\\__pycache__\\__init__.cpython-37.pyc', reloading
[2023-02-28 11:37:00,261]^;INFO^;88^;_internal.py^;_log()^; * Detected change in 'C:\\ProgramData\\Anaconda3\\Lib\\site-packages\\conda\\gateways\\__pycache__\\logging.cpython-37.pyc', reloading
[2023-02-28 11:37:00,263]^;INFO^;88^;_internal.py^;_log()^; * Detected change in 'C:\\ProgramData\\Anaconda3\\Lib\\site-packages\\conda\\cli\\__pycache__\\main_list.cpython-37.pyc', reloading
[2023-02-28 11:37:00,264]^;INFO^;88^;_internal.py^;_log()^; * Detected change in 'C:\\ProgramData\\Anaconda3\\Lib\\site-packages\\conda\\cli\\__pycache__\\common.cpython-37.pyc', reloading
[2023-02-28 11:37:00,265]^;INFO^;88^;_internal.py^;_log()^; * Detected change in 'C:\\ProgramData\\Anaconda3\\Lib\\site-packages\\conda\\models\\__pycache__\\__init__.cpython-37.pyc', reloading
[2023-02-28 11:37:00,266]^;INFO^;88^;_internal.py^;_log()^; * Detected change in 'C:\\ProgramData\\Anaconda3\\Lib\\site-packages\\conda\\models\\__pycache__\\match_spec.cpython-37.pyc', reloading
[2023-02-28 11:37:00,268]^;INFO^;88^;_internal.py^;_log()^; * Detected change in 'C:\\ProgramData\\Anaconda3\\Lib\\site-packages\\conda\\models\\__pycache__\\channel.cpython-37.pyc', reloading
[2023-02-28 11:37:00,270]^;INFO^;88^;_internal.py^;_log()^; * Detected change in 'C:\\ProgramData\\Anaconda3\\Lib\\site-packages\\conda\\models\\__pycache__\\version.cpython-37.pyc', reloading
[2023-02-28 11:37:00,273]^;INFO^;88^;_internal.py^;_log()^; * Detected change in 'C:\\ProgramData\\Anaconda3\\Lib\\site-packages\\conda\\core\\__pycache__\\__init__.cpython-37.pyc', reloading
[2023-02-28 11:37:00,277]^;INFO^;88^;_internal.py^;_log()^; * Detected change in 'C:\\ProgramData\\Anaconda3\\Lib\\site-packages\\conda\\core\\__pycache__\\prefix_data.cpython-37.pyc', reloading
[2023-02-28 11:37:00,279]^;INFO^;88^;_internal.py^;_log()^; * Detected change in 'C:\\ProgramData\\Anaconda3\\Lib\\site-packages\\conda\\common\\pkg_formats\\__pycache__\\__init__.cpython-37.pyc', reloading
[2023-02-28 11:37:00,284]^;INFO^;88^;_internal.py^;_log()^; * Detected change in 'C:\\ProgramData\\Anaconda3\\Lib\\site-packages\\conda\\common\\pkg_formats\\__pycache__\\python.cpython-37.pyc', reloading
[2023-02-28 11:37:00,284]^;INFO^;88^;_internal.py^;_log()^; * Detected change in 'C:\\ProgramData\\Anaconda3\\Lib\\__pycache__\\csv.cpython-37.pyc', reloading
[2023-02-28 11:37:00,286]^;INFO^;88^;_internal.py^;_log()^; * Detected change in 'C:\\ProgramData\\Anaconda3\\Lib\\email\\__pycache__\\__init__.cpython-37.pyc', reloading
[2023-02-28 11:37:00,287]^;INFO^;88^;_internal.py^;_log()^; * Detected change in 'C:\\ProgramData\\Anaconda3\\Lib\\email\\__pycache__\\parser.cpython-37.pyc', reloading
[2023-02-28 11:37:00,288]^;INFO^;88^;_internal.py^;_log()^; * Detected change in 'C:\\ProgramData\\Anaconda3\\Lib\\email\\__pycache__\\feedparser.cpython-37.pyc', reloading
[2023-02-28 11:37:00,289]^;INFO^;88^;_internal.py^;_log()^; * Detected change in 'C:\\ProgramData\\Anaconda3\\Lib\\email\\__pycache__\\errors.cpython-37.pyc', reloading
[2023-02-28 11:37:00,292]^;INFO^;88^;_internal.py^;_log()^; * Detected change in 'C:\\ProgramData\\Anaconda3\\Lib\\email\\__pycache__\\_policybase.cpython-37.pyc', reloading
[2023-02-28 11:37:00,293]^;INFO^;88^;_internal.py^;_log()^; * Detected change in 'C:\\ProgramData\\Anaconda3\\Lib\\email\\__pycache__\\header.cpython-37.pyc', reloading
[2023-02-28 11:37:00,294]^;INFO^;88^;_internal.py^;_log()^; * Detected change in 'C:\\ProgramData\\Anaconda3\\Lib\\email\\__pycache__\\quoprimime.cpython-37.pyc', reloading
[2023-02-28 11:37:00,295]^;INFO^;88^;_internal.py^;_log()^; * Detected change in 'C:\\ProgramData\\Anaconda3\\Lib\\email\\__pycache__\\base64mime.cpython-37.pyc', reloading
[2023-02-28 11:37:00,296]^;INFO^;88^;_internal.py^;_log()^; * Detected change in 'C:\\ProgramData\\Anaconda3\\Lib\\email\\__pycache__\\charset.cpython-37.pyc', reloading
[2023-02-28 11:37:00,297]^;INFO^;88^;_internal.py^;_log()^; * Detected change in 'C:\\ProgramData\\Anaconda3\\Lib\\email\\__pycache__\\encoders.cpython-37.pyc', reloading
[2023-02-28 11:37:00,298]^;INFO^;88^;_internal.py^;_log()^; * Detected change in 'C:\\ProgramData\\Anaconda3\\Lib\\__pycache__\\quopri.cpython-37.pyc', reloading
[2023-02-28 11:37:00,300]^;INFO^;88^;_internal.py^;_log()^; * Detected change in 'C:\\ProgramData\\Anaconda3\\Lib\\email\\__pycache__\\utils.cpython-37.pyc', reloading
[2023-02-28 11:37:00,301]^;INFO^;88^;_internal.py^;_log()^; * Detected change in 'C:\\ProgramData\\Anaconda3\\Lib\\email\\__pycache__\\_parseaddr.cpython-37.pyc', reloading
[2023-02-28 11:37:00,302]^;INFO^;88^;_internal.py^;_log()^; * Detected change in 'C:\\ProgramData\\Anaconda3\\Lib\\__pycache__\\calendar.cpython-37.pyc', reloading
[2023-02-28 11:37:00,305]^;INFO^;88^;_internal.py^;_log()^; * Detected change in 'C:\\ProgramData\\Anaconda3\\Lib\\__pycache__\\configparser.cpython-37.pyc', reloading
[2023-02-28 11:37:00,315]^;INFO^;88^;_internal.py^;_log()^; * Detected change in 'C:\\ProgramData\\Anaconda3\\Lib\\site-packages\\conda\\gateways\\disk\\__pycache__\\__init__.cpython-37.pyc', reloading
[2023-02-28 11:37:00,316]^;INFO^;88^;_internal.py^;_log()^; * Detected change in 'C:\\ProgramData\\Anaconda3\\Lib\\site-packages\\conda\\gateways\\disk\\__pycache__\\create.cpython-37.pyc', reloading
[2023-02-28 11:37:00,317]^;INFO^;88^;_internal.py^;_log()^; * Detected change in 'C:\\ProgramData\\Anaconda3\\Lib\\__pycache__\\tarfile.cpython-37.pyc', reloading
[2023-02-28 11:37:00,320]^;INFO^;88^;_internal.py^;_log()^; * Detected change in 'C:\\ProgramData\\Anaconda3\\Lib\\site-packages\\conda\\gateways\\disk\\__pycache__\\delete.cpython-37.pyc', reloading
[2023-02-28 11:37:00,320]^;INFO^;88^;_internal.py^;_log()^; * Detected change in 'C:\\ProgramData\\Anaconda3\\Lib\\site-packages\\conda\\gateways\\disk\\__pycache__\\link.cpython-37.pyc', reloading
[2023-02-28 11:37:00,322]^;INFO^;88^;_internal.py^;_log()^; * Detected change in 'C:\\ProgramData\\Anaconda3\\Lib\\site-packages\\conda\\gateways\\disk\\__pycache__\\permissions.cpython-37.pyc', reloading
[2023-02-28 11:37:00,322]^;INFO^;88^;_internal.py^;_log()^; * Detected change in 'C:\\ProgramData\\Anaconda3\\Lib\\site-packages\\conda\\gateways\\disk\\__pycache__\\update.cpython-37.pyc', reloading
[2023-02-28 11:37:00,323]^;INFO^;88^;_internal.py^;_log()^; * Detected change in 'C:\\ProgramData\\Anaconda3\\Lib\\site-packages\\conda\\cli\\__pycache__\\python_api.cpython-37.pyc', reloading
[2023-02-28 11:37:00,326]^;INFO^;88^;_internal.py^;_log()^; * Detected change in 'C:\\ProgramData\\Anaconda3\\Lib\\site-packages\\conda\\__pycache__\\compat.cpython-37.pyc', reloading
[2023-02-28 11:37:00,327]^;INFO^;88^;_internal.py^;_log()^; * Detected change in 'C:\\ProgramData\\Anaconda3\\Lib\\site-packages\\conda\\models\\__pycache__\\enums.cpython-37.pyc', reloading
[2023-02-28 11:37:00,329]^;INFO^;88^;_internal.py^;_log()^; * Detected change in 'C:\\ProgramData\\Anaconda3\\Lib\\site-packages\\conda\\gateways\\disk\\__pycache__\\read.cpython-37.pyc', reloading
[2023-02-28 11:37:00,331]^;INFO^;88^;_internal.py^;_log()^; * Detected change in 'C:\\ProgramData\\Anaconda3\\Lib\\site-packages\\conda\\models\\__pycache__\\package_info.cpython-37.pyc', reloading
[2023-02-28 11:37:00,333]^;INFO^;88^;_internal.py^;_log()^; * Detected change in 'C:\\ProgramData\\Anaconda3\\Lib\\site-packages\\conda\\models\\__pycache__\\records.cpython-37.pyc', reloading
[2023-02-28 11:37:00,334]^;INFO^;88^;_internal.py^;_log()^; * Detected change in 'C:\\ProgramData\\Anaconda3\\Lib\\site-packages\\conda\\_vendor\\boltons\\__pycache__\\timeutils.cpython-37.pyc', reloading
[2023-02-28 11:37:00,338]^;INFO^;88^;_internal.py^;_log()^; * Detected change in 'C:\\ProgramData\\Anaconda3\\Lib\\site-packages\\conda\\gateways\\disk\\__pycache__\\test.cpython-37.pyc', reloading
[2023-02-28 11:37:00,339]^;INFO^;88^;_internal.py^;_log()^; * Detected change in 'C:\\ProgramData\\Anaconda3\\Lib\\__pycache__\\uuid.cpython-37.pyc', reloading
[2023-02-28 11:37:00,342]^;INFO^;88^;_internal.py^;_log()^; * Detected change in 'C:\\ProgramData\\Anaconda3\\Lib\\site-packages\\conda\\models\\__pycache__\\prefix_graph.cpython-37.pyc', reloading
[2023-02-28 11:37:00,343]^;INFO^;88^;_internal.py^;_log()^; * Detected change in 'C:\\ProgramData\\Anaconda3\\Lib\\site-packages\\conda\\__pycache__\\history.cpython-37.pyc', reloading
[2023-02-28 11:37:00,345]^;INFO^;88^;_internal.py^;_log()^; * Detected change in 'C:\\ProgramData\\Anaconda3\\Lib\\__pycache__\\ast.cpython-37.pyc', reloading
[2023-02-28 11:37:00,348]^;INFO^;88^;_internal.py^;_log()^; * Detected change in 'C:\\ProgramData\\Anaconda3\\Lib\\site-packages\\conda\\models\\__pycache__\\dist.cpython-37.pyc', reloading
