[2023-02-28 11:37:01,132]^;WARNING^;88^;_internal.py^;_log()^; * Debugger is active!
[2023-02-28 11:37:01,137]^;INFO^;88^;_internal.py^;_log()^; * Debugger PIN: 998-459-131
[2023-02-28 11:37:01,174]^;INFO^;88^;_internal.py^;_log()^; * Running on http://127.0.0.1:5000/ (Press CTRL+C to quit)
[2023-02-28 12:27:54,124]^;INFO^;88^;_internal.py^;_log()^; * Detected change in 'C:\\ProgramData\\Anaconda3\\Lib\\site-packages\\conda\\cli\\__pycache__\\main_info.cpython-37.pyc', reloading
[2023-02-28 12:27:54,130]^;INFO^;88^;_internal.py^;_log()^; * Detected change in 'C:\\ProgramData\\Anaconda3\\Lib\\site-packages\\conda\\__pycache__\\utils.cpython-37.pyc', reloading
[2023-02-28 12:27:54,132]^;INFO^;88^;_internal.py^;_log()^; * Detected change in 'C:\\ProgramData\\Anaconda3\\Lib\\site-packages\\requests\\__pycache__\\__init__.cpython-37.pyc', reloading
[2023-02-28 12:27:54,133]^;INFO^;88^;_internal.py^;_log()^; * Detected change in 'C:\\ProgramData\\Anaconda3\\Lib\\site-packages\\urllib3\\__pycache__\\__init__.cpython-37.pyc', reloading
[2023-02-28 12:27:54,134]^;INFO^;88^;_internal.py^;_log()^; * Detected change in 'C:\\ProgramData\\Anaconda3\\Lib\\site-packages\\urllib3\\__pycache__\\connectionpool.cpython-37.pyc', reloading
[2023-02-28 12:27:54,135]^;INFO^;88^;_internal.py^;_log()^; * Detected change in 'C:\\ProgramData\\Anaconda3\\Lib\\site-packages\\urllib3\\__pycache__\\exceptions.cpython-37.pyc', reloading
[2023-02-28 12:27:54,136]^;INFO^;88^;_internal.py^;_log()^; * Detected change in 'C:\\ProgramData\\Anaconda3\\Lib\\site-packages\\urllib3\\packages\\__pycache__\\__init__.cpython-37.pyc', reloading
[2023-02-28 12:27:54,137]^;INFO^;88^;_internal.py^;_log()^; * Detected change in 'C:\\ProgramData\\Anaconda3\\Lib\\site-packages\\urllib3\\packages\\ssl_match_hostname\\__pycache__\\__init__.cpython-37.pyc', reloading
[2023-02-28 12:27:54,138]^;INFO^;88^;_internal.py^;_log()^; * Detected change in 'C:\\ProgramData\\Anaconda3\\Lib\\__pycache__\\ssl.cpython-37.pyc', reloading
[2023-02-28 12:27:54,147]^;INFO^;88^;_internal.py^;_log()^; * Detected change in 'C:\\ProgramData\\Anaconda3\\Lib\\site-packages\\urllib3\\packages\\__pycache__\\six.cpython-37.pyc', reloading
[2023-02-28 12:27:54,148]^;INFO^;88^;_internal.py^;_log()^; * Detected change in 'C:\\ProgramData\\Anaconda3\\Lib\\http\\__pycache__\\__init__.cpython-37.pyc', reloading
[2023-02-28 12:27:54,150]^;INFO^;88^;_internal.py^;_log()^; * Detected change in 'C:\\ProgramData\\Anaconda3\\Lib\\http\\__pycache__\\client.cpython-37.pyc', reloading
[2023-02-28 12:27:54,169]^;INFO^;88^;_internal.py^;_log()^; * Detected change in 'C:\\ProgramData\\Anaconda3\\Lib\\site-packages\\urllib3\\__pycache__\\connection.cpython-37.pyc', reloading
[2023-02-28 12:27:54,170]^;INFO^;88^;_internal.py^;_log()^; * Detected change in 'C:\\ProgramData\\Anaconda3\\Lib\\site-packages\\urllib3\\util\\__pycache__\\__init__.cpython-37.pyc', reloading
[2023-02-28 12:27:54,171]^;INFO^;88^;_internal.py^;_log()^; * Detected change in 'C:\\ProgramData\\Anaconda3\\Lib\\site-packages\\urllib3\\util\\__pycache__\\connection.cpython-37.pyc', reloading
[2023-02-28 12:27:54,172]^;INFO^;88^;_internal.py^;_log()^; * Detected change in 'C:\\ProgramData\\Anaconda3\\Lib\\site-packages\\urllib3\\util\\__pycache__\\wait.cpython-37.pyc', reloading
[2023-02-28 12:27:54,173]^;INFO^;88^;_internal.py^;_log()^; * Detected change in 'C:\\ProgramData\\Anaconda3\\Lib\\site-packages\\urllib3\\contrib\\__pycache__\\__init__.cpython-37.pyc', reloading
[2023-02-28 12:27:54,175]^;INFO^;88^;_internal.py^;_log()^; * Detected change in 'C:\\ProgramData\\Anaconda3\\Lib\\site-packages\\urllib3\\contrib\\__pycache__\\_appengine_environ.cpython-37.pyc', reloading
[2023-02-28 12:27:54,177]^;INFO^;88^;_internal.py^;_log()^; * Detected change in 'C:\\ProgramData\\Anaconda3\\Lib\\site-packages\\urllib3\\util\\__pycache__\\request.cpython-37.pyc', reloading
[2023-02-28 12:27:54,178]^;INFO^;88^;_internal.py^;_log()^; * Detected change in 'C:\\ProgramData\\Anaconda3\\Lib\\site-packages\\urllib3\\util\\__pycache__\\response.cpython-37.pyc', reloading
[2023-02-28 12:27:54,180]^;INFO^;88^;_internal.py^;_log()^; * Detected change in 'C:\\ProgramData\\Anaconda3\\Lib\\site-packages\\urllib3\\util\\__pycache__\\ssl_.cpython-37.pyc', reloading
[2023-02-28 12:27:54,181]^;INFO^;88^;_internal.py^;_log()^; * Detected change in 'C:\\ProgramData\\Anaconda3\\Lib\\__pycache__\\hmac.cpython-37.pyc', reloading
[2023-02-28 12:27:54,182]^;INFO^;88^;_internal.py^;_log()^; * Detected change in 'C:\\ProgramData\\Anaconda3\\Lib\\site-packages\\urllib3\\util\\__pycache__\\timeout.cpython-37.pyc', reloading
[2023-02-28 12:27:54,183]^;INFO^;88^;_internal.py^;_log()^; * Detected change in 'C:\\ProgramData\\Anaconda3\\Lib\\site-packages\\urllib3\\util\\__pycache__\\retry.cpython-37.pyc', reloading
[2023-02-28 12:27:54,185]^;INFO^;88^;_internal.py^;_log()^; * Detected change in 'C:\\ProgramData\\Anaconda3\\Lib\\site-packages\\urllib3\\util\\__pycache__\\url.cpython-37.pyc', reloading
[2023-02-28 12:27:54,187]^;INFO^;88^;_internal.py^;_log()^; * Detected change in 'C:\\ProgramData\\Anaconda3\\Lib\\site-packages\\urllib3\\__pycache__\\_collections.cpython-37.pyc', reloading
[2023-02-28 12:27:54,189]^;INFO^;88^;_internal.py^;_log()^; * Detected change in 'C:\\ProgramData\\Anaconda3\\Lib\\site-packages\\urllib3\\__pycache__\\request.cpython-37.pyc', reloading
[2023-02-28 12:27:54,190]^;INFO^;88^;_internal.py^;_log()^; * Detected change in 'C:\\ProgramData\\Anaconda3\\Lib\\site-packages\\urllib3\\__pycache__\\filepost.cpython-37.pyc', reloading
[2023-02-28 12:27:54,191]^;INFO^;88^;_internal.py^;_log()^; * Detected change in 'C:\\ProgramData\\Anaconda3\\Lib\\site-packages\\urllib3\\__pycache__\\fields.cpython-37.pyc', reloading
[2023-02-28 12:27:54,192]^;INFO^;88^;_internal.py^;_log()^; * Detected change in 'C:\\ProgramData\\Anaconda3\\Lib\\__pycache__\\mimetypes.cpython-37.pyc', reloading
[2023-02-28 12:27:54,194]^;INFO^;88^;_internal.py^;_log()^; * Detected change in 'C:\\ProgramData\\Anaconda3\\Lib\\site-packages\\urllib3\\__pycache__\\response.cpython-37.pyc', reloading
[2023-02-28 12:27:54,196]^;INFO^;88^;_internal.py^;_log()^; * Detected change in 'C:\\ProgramData\\Anaconda3\\Lib\\site-packages\\urllib3\\util\\__pycache__\\queue.cpython-37.pyc', reloading
[2023-02-28 12:27:54,197]^;INFO^;88^;_internal.py^;_log()^; * Detected change in 'C:\\ProgramData\\Anaconda3\\Lib\\site-packages\\urllib3\\__pycache__\\poolmanager.cpython-37.pyc', reloading
[2023-02-28 12:27:54,200]^;INFO^;88^;_internal.py^;_log()^; * Detected change in 'C:\\ProgramData\\Anaconda3\\Lib\\site-packages\\chardet\\__pycache__\\__init__.cpython-37.pyc', reloading
[2023-02-28 12:27:54,201]^;INFO^;88^;_internal.py^;_log()^; * Detected change in 'C:\\ProgramData\\Anaconda3\\Lib\\site-packages\\chardet\\__pycache__\\compat.cpython-37.pyc', reloading
[2023-02-28 12:27:54,203]^;INFO^;88^;_internal.py^;_log()^; * Detected change in 'C:\\ProgramData\\Anaconda3\\Lib\\site-packages\\chardet\\__pycache__\\universaldetector.cpython-37.pyc', reloading
[2023-02-28 12:27:54,204]^;INFO^;88^;_internal.py^;_log()^; * Detected change in 'C:\\ProgramData\\Anaconda3\\Lib\\site-packages\\chardet\\__pycache__\\charsetgroupprober.cpython-37.pyc', reloading
[2023-02-28 12:27:54,205]^;INFO^;88^;_internal.py^;_log()^; * Detected change in 'C:\\ProgramData\\Anaconda3\\Lib\\site-packages\\chardet\\__pycache__\\enums.cpython-37.pyc', reloading
[2023-02-28 12:27:54,206]^;INFO^;88^;_internal.py^;_log()^; * Detected change in 'C:\\ProgramData\\Anaconda3\\Lib\\site-packages\\chardet\\__pycache__\\charsetprober.cpython-37.pyc', reloading
[2023-02-28 12:27:54,208]^;INFO^;88^;_internal.py^;_log()^; * Detected change in 'C:\\ProgramData\\Anaconda3\\Lib\\site-packages\\chardet\\__pycache__\\escprober.cpython-37.pyc', reloading
[2023-02-28 12:27:54,209]^;INFO^;88^;_internal.py^;_log()^; * Detected change in 'C:\\ProgramData\\Anaconda3\\Lib\\site-packages\\chardet\\__pycache__\\codingstatemachine.cpython-37.pyc', reloading
[2023-02-28 12:27:54,210]^;INFO^;88^;_internal.py^;_log()^; * Detected change in 'C:\\ProgramData\\Anaconda3\\Lib\\site-packages\\chardet\\__pycache__\\escsm.cpython-37.pyc', reloading
[2023-02-28 12:27:54,211]^;INFO^;88^;_internal.py^;_log()^; * Detected change in 'C:\\ProgramData\\Anaconda3\\Lib\\site-packages\\chardet\\__pycache__\\latin1prober.cpython-37.pyc', reloading
[2023-02-28 12:27:54,213]^;INFO^;88^;_internal.py^;_log()^; * Detected change in 'C:\\ProgramData\\Anaconda3\\Lib\\site-packages\\chardet\\__pycache__\\mbcsgroupprober.cpython-37.pyc', reloading
[2023-02-28 12:27:54,214]^;INFO^;88^;_internal.py^;_log()^; * Detected change in 'C:\\ProgramData\\Anaconda3\\Lib\\site-packages\\chardet\\__pycache__\\utf8prober.cpython-37.pyc', reloading
[2023-02-28 12:27:54,215]^;INFO^;88^;_internal.py^;_log()^; * Detected change in 'C:\\ProgramData\\Anaconda3\\Lib\\site-packages\\chardet\\__pycache__\\mbcssm.cpython-37.pyc', reloading
[2023-02-28 12:27:54,216]^;INFO^;88^;_internal.py^;_log()^; * Detected change in 'C:\\ProgramData\\Anaconda3\\Lib\\site-packages\\chardet\\__pycache__\\sjisprober.cpython-37.pyc', reloading
[2023-02-28 12:27:54,218]^;INFO^;88^;_internal.py^;_log()^; * Detected change in 'C:\\ProgramData\\Anaconda3\\Lib\\site-packages\\chardet\\__pycache__\\mbcharsetprober.cpython-37.pyc', reloading
[2023-02-28 12:27:54,219]^;INFO^;88^;_internal.py^;_log()^; * Detected change in 'C:\\ProgramData\\Anaconda3\\Lib\\site-packages\\chardet\\__pycache__\\chardistribution.cpython-37.pyc', reloading
[2023-02-28 12:27:54,220]^;INFO^;88^;_internal.py^;_log()^; * Detected change in 'C:\\ProgramData\\Anaconda3\\Lib\\site-packages\\chardet\\__pycache__\\euctwfreq.cpython-37.pyc', reloading
[2023-02-28 12:27:54,221]^;INFO^;88^;_internal.py^;_log()^; * Detected change in 'C:\\ProgramData\\Anaconda3\\Lib\\site-packages\\chardet\\__pycache__\\euckrfreq.cpython-37.pyc', reloading
[2023-02-28 12:27:54,222]^;INFO^;88^;_internal.py^;_log()^; * Detected change in 'C:\\ProgramData\\Anaconda3\\Lib\\site-packages\\chardet\\__pycache__\\gb2312freq.cpython-37.pyc', reloading
[2023-02-28 12:27:54,224]^;INFO^;88^;_internal.py^;_log()^; * Detected change in 'C:\\ProgramData\\Anaconda3\\Lib\\site-packages\\chardet\\__pycache__\\big5freq.cpython-37.pyc', reloading
[2023-02-28 12:27:54,225]^;INFO^;88^;_internal.py^;_log()^; * Detected change in 'C:\\ProgramData\\Anaconda3\\Lib\\site-packages\\chardet\\__pycache__\\jisfreq.cpython-37.pyc', reloading
[2023-02-28 12:27:54,226]^;INFO^;88^;_internal.py^;_log()^; * Detected change in 'C:\\ProgramData\\Anaconda3\\Lib\\site-packages\\chardet\\__pycache__\\jpcntx.cpython-37.pyc', reloading
[2023-02-28 12:27:54,227]^;INFO^;88^;_internal.py^;_log()^; * Detected change in 'C:\\ProgramData\\Anaconda3\\Lib\\site-packages\\chardet\\__pycache__\\eucjpprober.cpython-37.pyc', reloading
[2023-02-28 12:27:54,228]^;INFO^;88^;_internal.py^;_log()^; * Detected change in 'C:\\ProgramData\\Anaconda3\\Lib\\site-packages\\chardet\\__pycache__\\gb2312prober.cpython-37.pyc', reloading
[2023-02-28 12:27:54,229]^;INFO^;88^;_internal.py^;_log()^; * Detected change in 'C:\\ProgramData\\Anaconda3\\Lib\\site-packages\\chardet\\__pycache__\\euckrprober.cpython-37.pyc', reloading
[2023-02-28 12:27:54,230]^;INFO^;88^;_internal.py^;_log()^; * Detected change in 'C:\\ProgramData\\Anaconda3\\Lib\\site-packages\\chardet\\__pycache__\\cp949prober.cpython-37.pyc', reloading
[2023-02-28 12:27:54,231]^;INFO^;88^;_internal.py^;_log()^; * Detected change in 'C:\\ProgramData\\Anaconda3\\Lib\\site-packages\\chardet\\__pycache__\\big5prober.cpython-37.pyc', reloading
[2023-02-28 12:27:54,232]^;INFO^;88^;_internal.py^;_log()^; * Detected change in 'C:\\ProgramData\\Anaconda3\\Lib\\site-packages\\chardet\\__pycache__\\euctwprober.cpython-37.pyc', reloading
[2023-02-28 12:27:54,233]^;INFO^;88^;_internal.py^;_log()^; * Detected change in 'C:\\ProgramData\\Anaconda3\\Lib\\site-packages\\chardet\\__pycache__\\sbcsgroupprober.cpython-37.pyc', reloading
[2023-02-28 12:27:54,234]^;INFO^;88^;_internal.py^;_log()^; * Detected change in 'C:\\ProgramData\\Anaconda3\\Lib\\site-packages\\chardet\\__pycache__\\sbcharsetprober.cpython-37.pyc', reloading
[2023-02-28 12:27:54,235]^;INFO^;88^;_internal.py^;_log()^; * Detected change in 'C:\\ProgramData\\Anaconda3\\Lib\\site-packages\\chardet\\__pycache__\\langcyrillicmodel.cpython-37.pyc', reloading
[2023-02-28 12:27:54,236]^;INFO^;88^;_internal.py^;_log()^; * Detected change in 'C:\\ProgramData\\Anaconda3\\Lib\\site-packages\\chardet\\__pycache__\\langgreekmodel.cpython-37.pyc', reloading
[2023-02-28 12:27:54,238]^;INFO^;88^;_internal.py^;_log()^; * Detected change in 'C:\\ProgramData\\Anaconda3\\Lib\\site-packages\\chardet\\__pycache__\\langbulgarianmodel.cpython-37.pyc', reloading
[2023-02-28 12:27:54,239]^;INFO^;88^;_internal.py^;_log()^; * Detected change in 'C:\\ProgramData\\Anaconda3\\Lib\\site-packages\\chardet\\__pycache__\\langthaimodel.cpython-37.pyc', reloading
[2023-02-28 12:27:54,240]^;INFO^;88^;_internal.py^;_log()^; * Detected change in 'C:\\ProgramData\\Anaconda3\\Lib\\site-packages\\chardet\\__pycache__\\langhebrewmodel.cpython-37.pyc', reloading
[2023-02-28 12:27:54,241]^;INFO^;88^;_internal.py^;_log()^; * Detected change in 'C:\\ProgramData\\Anaconda3\\Lib\\site-packages\\chardet\\__pycache__\\hebrewprober.cpython-37.pyc', reloading
[2023-02-28 12:27:54,242]^;INFO^;88^;_internal.py^;_log()^; * Detected change in 'C:\\ProgramData\\Anaconda3\\Lib\\site-packages\\chardet\\__pycache__\\langturkishmodel.cpython-37.pyc', reloading
[2023-02-28 12:27:54,243]^;INFO^;88^;_internal.py^;_log()^; * Detected change in 'C:\\ProgramData\\Anaconda3\\Lib\\site-packages\\chardet\\__pycache__\\version.cpython-37.pyc', reloading
[2023-02-28 12:27:54,244]^;INFO^;88^;_internal.py^;_log()^; * Detected change in 'C:\\ProgramData\\Anaconda3\\Lib\\site-packages\\requests\\__pycache__\\exceptions.cpython-37.pyc', reloading
[2023-02-28 12:27:54,246]^;INFO^;88^;_internal.py^;_log()^; * Detected change in 'C:\\ProgramData\\Anaconda3\\Lib\\site-packages\\urllib3\\contrib\\__pycache__\\pyopenssl.cpython-37.pyc', reloading
[2023-02-28 12:27:54,247]^;INFO^;88^;_internal.py^;_log()^; * Detected change in 'C:\\ProgramData\\Anaconda3\\Lib\\site-packages\\OpenSSL\\__pycache__\\__init__.cpython-37.pyc', reloading
[2023-02-28 12:27:54,249]^;INFO^;88^;_internal.py^;_log()^; * Detected change in 'C:\\ProgramData\\Anaconda3\\Lib\\site-packages\\OpenSSL\\__pycache__\\crypto.cpython-37.pyc', reloading
[2023-02-28 12:27:54,251]^;INFO^;88^;_internal.py^;_log()^; * Detected change in 'C:\\ProgramData\\Anaconda3\\Lib\\site-packages\\__pycache__\\six.cpython-37.pyc', reloading
[2023-02-28 12:27:54,254]^;INFO^;88^;_internal.py^;_log()^; * Detected change in 'C:\\ProgramData\\Anaconda3\\Lib\\site-packages\\cryptography\\__pycache__\\__init__.cpython-37.pyc', reloading
[2023-02-28 12:27:54,255]^;INFO^;88^;_internal.py^;_log()^; * Detected change in 'C:\\ProgramData\\Anaconda3\\Lib\\site-packages\\cryptography\\__pycache__\\__about__.cpython-37.pyc', reloading
[2023-02-28 12:27:54,256]^;INFO^;88^;_internal.py^;_log()^; * Detected change in 'C:\\ProgramData\\Anaconda3\\Lib\\site-packages\\cryptography\\x509\\__pycache__\\__init__.cpython-37.pyc', reloading
[2023-02-28 12:27:54,257]^;INFO^;88^;_internal.py^;_log()^; * Detected change in 'C:\\ProgramData\\Anaconda3\\Lib\\site-packages\\cryptography\\x509\\__pycache__\\certificate_transparency.cpython-37.pyc', reloading
[2023-02-28 12:27:54,259]^;INFO^;88^;_internal.py^;_log()^; * Detected change in 'C:\\ProgramData\\Anaconda3\\Lib\\site-packages\\cryptography\\x509\\__pycache__\\base.cpython-37.pyc', reloading
[2023-02-28 12:27:54,260]^;INFO^;88^;_internal.py^;_log()^; * Detected change in 'C:\\ProgramData\\Anaconda3\\Lib\\site-packages\\cryptography\\__pycache__\\utils.cpython-37.pyc', reloading
[2023-02-28 12:27:54,261]^;INFO^;88^;_internal.py^;_log()^; * Detected change in 'C:\\ProgramData\\Anaconda3\\Lib\\site-packages\\cryptography\\hazmat\\__pycache__\\__init__.cpython-37.pyc', reloading
[2023-02-28 12:27:54,262]^;INFO^;88^;_internal.py^;_log()^; * Detected change in 'C:\\ProgramData\\Anaconda3\\Lib\\site-packages\\cryptography\\hazmat\\primitives\\__pycache__\\__init__.cpython-37.pyc', reloading
[2023-02-28 12:27:54,264]^;INFO^;88^;_internal.py^;_log()^; * Detected change in 'C:\\ProgramData\\Anaconda3\\Lib\\site-packages\\cryptography\\hazmat\\primitives\\asymmetric\\__pycache__\\__init__.cpython-37.pyc', reloading
[2023-02-28 12:27:54,265]^;INFO^;88^;_internal.py^;_log()^; * Detected change in 'C:\\ProgramData\\Anaconda3\\Lib\\site-packages\\cryptography\\hazmat\\primitives\\asymmetric\\__pycache__\\dsa.cpython-37.pyc', reloading
[2023-02-28 12:27:54,267]^;INFO^;88^;_internal.py^;_log()^; * Detected change in 'C:\\ProgramData\\Anaconda3\\Lib\\site-packages\\cryptography\\hazmat\\primitives\\asymmetric\\__pycache__\\ec.cpython-37.pyc', reloading
[2023-02-28 12:27:54,269]^;INFO^;88^;_internal.py^;_log()^; * Detected change in 'C:\\ProgramData\\Anaconda3\\Lib\\site-packages\\cryptography\\hazmat\\__pycache__\\_oid.cpython-37.pyc', reloading
[2023-02-28 12:27:54,271]^;INFO^;88^;_internal.py^;_log()^; * Detected change in 'C:\\ProgramData\\Anaconda3\\Lib\\site-packages\\cryptography\\hazmat\\primitives\\asymmetric\\__pycache__\\rsa.cpython-37.pyc', reloading
[2023-02-28 12:27:54,272]^;INFO^;88^;_internal.py^;_log()^; * Detected change in 'C:\\ProgramData\\Anaconda3\\Lib\\site-packages\\cryptography\\__pycache__\\exceptions.cpython-37.pyc', reloading
[2023-02-28 12:27:54,273]^;INFO^;88^;_internal.py^;_log()^; * Detected change in 'C:\\ProgramData\\Anaconda3\\Lib\\site-packages\\cryptography\\hazmat\\backends\\__pycache__\\__init__.cpython-37.pyc', reloading
[2023-02-28 12:27:54,274]^;INFO^;88^;_internal.py^;_log()^; * Detected change in 'C:\\ProgramData\\Anaconda3\\Lib\\site-packages\\cryptography\\hazmat\\backends\\__pycache__\\interfaces.cpython-37.pyc', reloading
[2023-02-28 12:27:54,276]^;INFO^;88^;_internal.py^;_log()^; * Detected change in 'C:\\ProgramData\\Anaconda3\\Lib\\site-packages\\cryptography\\x509\\__pycache__\\extensions.cpython-37.pyc', reloading
[2023-02-28 12:27:54,278]^;INFO^;88^;_internal.py^;_log()^; * Detected change in 'C:\\ProgramData\\Anaconda3\\Lib\\__pycache__\\ipaddress.cpython-37.pyc', reloading
[2023-02-28 12:27:54,280]^;INFO^;88^;_internal.py^;_log()^; * Detected change in 'C:\\ProgramData\\Anaconda3\\Lib\\site-packages\\asn1crypto\\__pycache__\\__init__.cpython-37.pyc', reloading
[2023-02-28 12:27:54,281]^;INFO^;88^;_internal.py^;_log()^; * Detected change in 'C:\\ProgramData\\Anaconda3\\Lib\\site-packages\\asn1crypto\\__pycache__\\version.cpython-37.pyc', reloading
[2023-02-28 12:27:54,283]^;INFO^;88^;_internal.py^;_log()^; * Detected change in 'C:\\ProgramData\\Anaconda3\\Lib\\site-packages\\asn1crypto\\__pycache__\\keys.cpython-37.pyc', reloading
[2023-02-28 12:27:54,284]^;INFO^;88^;_internal.py^;_log()^; * Detected change in 'C:\\ProgramData\\Anaconda3\\Lib\\site-packages\\asn1crypto\\__pycache__\\_elliptic_curve.cpython-37.pyc', reloading
[2023-02-28 12:27:54,285]^;INFO^;88^;_internal.py^;_log()^; * Detected change in 'C:\\ProgramData\\Anaconda3\\Lib\\site-packages\\asn1crypto\\__pycache__\\_int.cpython-37.pyc', reloading
[2023-02-28 12:27:54,286]^;INFO^;88^;_internal.py^;_log()^; * Detected change in 'C:\\ProgramData\\Anaconda3\\Lib\\site-packages\\asn1crypto\\__pycache__\\util.cpython-37.pyc', reloading
[2023-02-28 12:27:54,287]^;INFO^;88^;_internal.py^;_log()^; * Detected change in 'C:\\ProgramData\\Anaconda3\\Lib\\site-packages\\asn1crypto\\__pycache__\\_errors.cpython-37.pyc', reloading
[2023-02-28 12:27:54,288]^;INFO^;88^;_internal.py^;_log()^; * Detected change in 'C:\\ProgramData\\Anaconda3\\Lib\\site-packages\\asn1crypto\\__pycache__\\_iri.cpython-37.pyc', reloading
[2023-02-28 12:27:54,289]^;INFO^;88^;_internal.py^;_log()^; * Detected change in 'C:\\ProgramData\\Anaconda3\\Lib\\encodings\\__pycache__\\idna.cpython-37.pyc', reloading
[2023-02-28 12:27:54,289]^;INFO^;88^;_internal.py^;_log()^; * Detected change in 'C:\\ProgramData\\Anaconda3\\Lib\\__pycache__\\stringprep.cpython-37.pyc', reloading
[2023-02-28 12:27:54,293]^;INFO^;88^;_internal.py^;_log()^; * Detected change in 'C:\\ProgramData\\Anaconda3\\Lib\\site-packages\\asn1crypto\\__pycache__\\_types.cpython-37.pyc', reloading
[2023-02-28 12:27:54,295]^;INFO^;88^;_internal.py^;_log()^; * Detected change in 'C:\\ProgramData\\Anaconda3\\Lib\\site-packages\\asn1crypto\\__pycache__\\_ordereddict.cpython-37.pyc', reloading
[2023-02-28 12:27:54,296]^;INFO^;88^;_internal.py^;_log()^; * Detected change in 'C:\\ProgramData\\Anaconda3\\Lib\\site-packages\\asn1crypto\\__pycache__\\_inet.cpython-37.pyc', reloading
[2023-02-28 12:27:54,297]^;INFO^;88^;_internal.py^;_log()^; * Detected change in 'C:\\ProgramData\\Anaconda3\\Lib\\site-packages\\asn1crypto\\__pycache__\\_ffi.cpython-37.pyc', reloading
[2023-02-28 12:27:54,298]^;INFO^;88^;_internal.py^;_log()^; * Detected change in 'C:\\ProgramData\\Anaconda3\\Lib\\site-packages\\asn1crypto\\_perf\\__pycache__\\__init__.cpython-37.pyc', reloading
[2023-02-28 12:27:54,300]^;INFO^;88^;_internal.py^;_log()^; * Detected change in 'C:\\ProgramData\\Anaconda3\\Lib\\site-packages\\asn1crypto\\_perf\\__pycache__\\_big_num_ctypes.cpython-37.pyc', reloading
[2023-02-28 12:27:54,301]^;INFO^;88^;_internal.py^;_log()^; * Detected change in 'C:\\ProgramData\\Anaconda3\\Lib\\ctypes\\__pycache__\\util.cpython-37.pyc', reloading
[2023-02-28 12:27:54,303]^;INFO^;88^;_internal.py^;_log()^; * Detected change in 'C:\\ProgramData\\Anaconda3\\Lib\\site-packages\\asn1crypto\\__pycache__\\algos.cpython-37.pyc', reloading
[2023-02-28 12:27:54,305]^;INFO^;88^;_internal.py^;_log()^; * Detected change in 'C:\\ProgramData\\Anaconda3\\Lib\\site-packages\\asn1crypto\\__pycache__\\core.cpython-37.pyc', reloading
[2023-02-28 12:27:54,307]^;INFO^;88^;_internal.py^;_log()^; * Detected change in 'C:\\ProgramData\\Anaconda3\\Lib\\site-packages\\asn1crypto\\__pycache__\\_teletex_codec.cpython-37.pyc', reloading
[2023-02-28 12:27:54,309]^;INFO^;88^;_internal.py^;_log()^; * Detected change in 'C:\\ProgramData\\Anaconda3\\Lib\\site-packages\\asn1crypto\\__pycache__\\parser.cpython-37.pyc', reloading
[2023-02-28 12:27:54,313]^;INFO^;88^;_internal.py^;_log()^; * Detected change in 'C:\\ProgramData\\Anaconda3\\Lib\\site-packages\\cryptography\\hazmat\\primitives\\__pycache__\\constant_time.cpython-37.pyc', reloading
[2023-02-28 12:27:54,314]^;INFO^;88^;_internal.py^;_log()^; * Detected change in 'C:\\ProgramData\\Anaconda3\\Lib\\site-packages\\cryptography\\hazmat\\bindings\\__pycache__\\__init__.cpython-37.pyc', reloading
[2023-02-28 12:27:54,325]^;INFO^;88^;_internal.py^;_log()^; * Detected change in 'C:\\ProgramData\\Anaconda3\\Lib\\site-packages\\cryptography\\hazmat\\primitives\\serialization\\__pycache__\\__init__.cpython-37.pyc', reloading
[2023-02-28 12:27:54,327]^;INFO^;88^;_internal.py^;_log()^; * Detected change in 'C:\\ProgramData\\Anaconda3\\Lib\\site-packages\\cryptography\\hazmat\\primitives\\serialization\\__pycache__\\base.cpython-37.pyc', reloading
[2023-02-28 12:27:54,329]^;INFO^;88^;_internal.py^;_log()^; * Detected change in 'C:\\ProgramData\\Anaconda3\\Lib\\site-packages\\cryptography\\hazmat\\primitives\\serialization\\__pycache__\\ssh.cpython-37.pyc', reloading
[2023-02-28 12:27:54,331]^;INFO^;88^;_internal.py^;_log()^; * Detected change in 'C:\\ProgramData\\Anaconda3\\Lib\\site-packages\\cryptography\\hazmat\\primitives\\asymmetric\\__pycache__\\ed25519.cpython-37.pyc', reloading
[2023-02-28 12:27:54,332]^;INFO^;88^;_internal.py^;_log()^; * Detected change in 'C:\\ProgramData\\Anaconda3\\Lib\\site-packages\\cryptography\\x509\\__pycache__\\general_name.cpython-37.pyc', reloading
[2023-02-28 12:27:54,333]^;INFO^;88^;_internal.py^;_log()^; * Detected change in 'C:\\ProgramData\\Anaconda3\\Lib\\site-packages\\cryptography\\x509\\__pycache__\\name.cpython-37.pyc', reloading
[2023-02-28 12:27:54,335]^;INFO^;88^;_internal.py^;_log()^; * Detected change in 'C:\\ProgramData\\Anaconda3\\Lib\\site-packages\\cryptography\\x509\\__pycache__\\oid.cpython-37.pyc', reloading
[2023-02-28 12:27:54,336]^;INFO^;88^;_internal.py^;_log()^; * Detected change in 'C:\\ProgramData\\Anaconda3\\Lib\\site-packages\\cryptography\\hazmat\\primitives\\__pycache__\\hashes.cpython-37.pyc', reloading
[2023-02-28 12:27:54,340]^;INFO^;88^;_internal.py^;_log()^; * Detected change in 'C:\\ProgramData\\Anaconda3\\Lib\\site-packages\\OpenSSL\\__pycache__\\_util.cpython-37.pyc', reloading
[2023-02-28 12:27:54,341]^;INFO^;88^;_internal.py^;_log()^; * Detected change in 'C:\\ProgramData\\Anaconda3\\Lib\\site-packages\\cryptography\\hazmat\\bindings\\openssl\\__pycache__\\__init__.cpython-37.pyc', reloading
[2023-02-28 12:27:54,342]^;INFO^;88^;_internal.py^;_log()^; * Detected change in 'C:\\ProgramData\\Anaconda3\\Lib\\site-packages\\cryptography\\hazmat\\bindings\\openssl\\__pycache__\\binding.cpython-37.pyc', reloading
[2023-02-28 12:27:54,347]^;INFO^;88^;_internal.py^;_log()^; * Detected change in 'C:\\ProgramData\\Anaconda3\\Lib\\site-packages\\cryptography\\hazmat\\bindings\\openssl\\__pycache__\\_conditional.cpython-37.pyc', reloading
[2023-02-28 12:27:54,364]^;INFO^;88^;_internal.py^;_log()^; * Detected change in 'C:\\ProgramData\\Anaconda3\\Lib\\site-packages\\OpenSSL\\__pycache__\\SSL.cpython-37.pyc', reloading
[2023-02-28 12:27:54,367]^;INFO^;88^;_internal.py^;_log()^; * Detected change in 'C:\\ProgramData\\Anaconda3\\Lib\\site-packages\\OpenSSL\\__pycache__\\version.cpython-37.pyc', reloading
[2023-02-28 12:27:54,368]^;INFO^;88^;_internal.py^;_log()^; * Detected change in 'C:\\ProgramData\\Anaconda3\\Lib\\site-packages\\cryptography\\hazmat\\backends\\openssl\\__pycache__\\__init__.cpython-37.pyc', reloading
[2023-02-28 12:27:54,370]^;INFO^;88^;_internal.py^;_log()^; * Detected change in 'C:\\ProgramData\\Anaconda3\\Lib\\site-packages\\cryptography\\hazmat\\backends\\openssl\\__pycache__\\backend.cpython-37.pyc', reloading
[2023-02-28 12:27:54,372]^;INFO^;88^;_internal.py^;_log()^; * Detected change in 'C:\\ProgramData\\Anaconda3\\Lib\\site-packages\\cryptography\\hazmat\\backends\\openssl\\__pycache__\\aead.cpython-37.pyc', reloading
[2023-02-28 12:27:54,373]^;INFO^;88^;_internal.py^;_log()^; * Detected change in 'C:\\ProgramData\\Anaconda3\\Lib\\site-packages\\cryptography\\hazmat\\backends\\openssl\\__pycache__\\ciphers.cpython-37.pyc', reloading
[2023-02-28 12:27:54,375]^;INFO^;88^;_internal.py^;_log()^; * Detected change in 'C:\\ProgramData\\Anaconda3\\Lib\\site-packages\\cryptography\\hazmat\\primitives\\ciphers\\__pycache__\\__init__.cpython-37.pyc', reloading
[2023-02-28 12:27:54,377]^;INFO^;88^;_internal.py^;_log()^; * Detected change in 'C:\\ProgramData\\Anaconda3\\Lib\\site-packages\\cryptography\\hazmat\\primitives\\ciphers\\__pycache__\\base.cpython-37.pyc', reloading
[2023-02-28 12:27:54,378]^;INFO^;88^;_internal.py^;_log()^; * Detected change in 'C:\\ProgramData\\Anaconda3\\Lib\\site-packages\\cryptography\\hazmat\\primitives\\ciphers\\__pycache__\\modes.cpython-37.pyc', reloading
[2023-02-28 12:27:54,382]^;INFO^;88^;_internal.py^;_log()^; * Detected change in 'C:\\ProgramData\\Anaconda3\\Lib\\site-packages\\cryptography\\hazmat\\backends\\openssl\\__pycache__\\cmac.cpython-37.pyc', reloading
[2023-02-28 12:27:54,383]^;INFO^;88^;_internal.py^;_log()^; * Detected change in 'C:\\ProgramData\\Anaconda3\\Lib\\site-packages\\cryptography\\hazmat\\primitives\\__pycache__\\mac.cpython-37.pyc', reloading
[2023-02-28 12:27:54,386]^;INFO^;88^;_internal.py^;_log()^; * Detected change in 'C:\\ProgramData\\Anaconda3\\Lib\\site-packages\\cryptography\\hazmat\\backends\\openssl\\__pycache__\\decode_asn1.cpython-37.pyc', reloading
[2023-02-28 12:27:54,387]^;INFO^;88^;_internal.py^;_log()^; * Detected change in 'C:\\ProgramData\\Anaconda3\\Lib\\site-packages\\cryptography\\hazmat\\backends\\openssl\\__pycache__\\dh.cpython-37.pyc', reloading
[2023-02-28 12:27:54,389]^;INFO^;88^;_internal.py^;_log()^; * Detected change in 'C:\\ProgramData\\Anaconda3\\Lib\\site-packages\\cryptography\\hazmat\\primitives\\asymmetric\\__pycache__\\dh.cpython-37.pyc', reloading
[2023-02-28 12:27:54,391]^;INFO^;88^;_internal.py^;_log()^; * Detected change in 'C:\\ProgramData\\Anaconda3\\Lib\\site-packages\\cryptography\\hazmat\\backends\\openssl\\__pycache__\\dsa.cpython-37.pyc', reloading
[2023-02-28 12:27:54,392]^;INFO^;88^;_internal.py^;_log()^; * Detected change in 'C:\\ProgramData\\Anaconda3\\Lib\\site-packages\\cryptography\\hazmat\\backends\\openssl\\__pycache__\\utils.cpython-37.pyc', reloading
[2023-02-28 12:27:54,394]^;INFO^;88^;_internal.py^;_log()^; * Detected change in 'C:\\ProgramData\\Anaconda3\\Lib\\site-packages\\cryptography\\hazmat\\primitives\\asymmetric\\__pycache__\\utils.cpython-37.pyc', reloading
[2023-02-28 12:27:54,396]^;INFO^;88^;_internal.py^;_log()^; * Detected change in 'C:\\ProgramData\\Anaconda3\\Lib\\site-packages\\cryptography\\hazmat\\backends\\openssl\\__pycache__\\ec.cpython-37.pyc', reloading
[2023-02-28 12:27:54,398]^;INFO^;88^;_internal.py^;_log()^; * Detected change in 'C:\\ProgramData\\Anaconda3\\Lib\\site-packages\\cryptography\\hazmat\\backends\\openssl\\__pycache__\\ed25519.cpython-37.pyc', reloading
[2023-02-28 12:27:54,399]^;INFO^;88^;_internal.py^;_log()^; * Detected change in 'C:\\ProgramData\\Anaconda3\\Lib\\site-packages\\cryptography\\hazmat\\backends\\openssl\\__pycache__\\ed448.cpython-37.pyc', reloading
[2023-02-28 12:27:54,400]^;INFO^;88^;_internal.py^;_log()^; * Detected change in 'C:\\ProgramData\\Anaconda3\\Lib\\site-packages\\cryptography\\hazmat\\primitives\\asymmetric\\__pycache__\\ed448.cpython-37.pyc', reloading
[2023-02-28 12:27:54,402]^;INFO^;88^;_internal.py^;_log()^; * Detected change in 'C:\\ProgramData\\Anaconda3\\Lib\\site-packages\\cryptography\\hazmat\\backends\\openssl\\__pycache__\\encode_asn1.cpython-37.pyc', reloading
[2023-02-28 12:27:54,403]^;INFO^;88^;_internal.py^;_log()^; * Detected change in 'C:\\ProgramData\\Anaconda3\\Lib\\site-packages\\cryptography\\hazmat\\backends\\openssl\\__pycache__\\hashes.cpython-37.pyc', reloading
[2023-02-28 12:27:54,405]^;INFO^;88^;_internal.py^;_log()^; * Detected change in 'C:\\ProgramData\\Anaconda3\\Lib\\site-packages\\cryptography\\hazmat\\backends\\openssl\\__pycache__\\hmac.cpython-37.pyc', reloading
[2023-02-28 12:27:54,406]^;INFO^;88^;_internal.py^;_log()^; * Detected change in 'C:\\ProgramData\\Anaconda3\\Lib\\site-packages\\cryptography\\hazmat\\backends\\openssl\\__pycache__\\ocsp.cpython-37.pyc', reloading
[2023-02-28 12:27:54,408]^;INFO^;88^;_internal.py^;_log()^; * Detected change in 'C:\\ProgramData\\Anaconda3\\Lib\\site-packages\\cryptography\\hazmat\\backends\\openssl\\__pycache__\\x509.cpython-37.pyc', reloading
[2023-02-28 12:27:54,410]^;INFO^;88^;_internal.py^;_log()^; * Detected change in 'C:\\ProgramData\\Anaconda3\\Lib\\site-packages\\cryptography\\x509\\__pycache__\\ocsp.cpython-37.pyc', reloading
[2023-02-28 12:27:54,412]^;INFO^;88^;_internal.py^;_log()^; * Detected change in 'C:\\ProgramData\\Anaconda3\\Lib\\site-packages\\cryptography\\hazmat\\backends\\openssl\\__pycache__\\rsa.cpython-37.pyc', reloading
[2023-02-28 12:27:54,413]^;INFO^;88^;_internal.py^;_log()^; * Detected change in 'C:\\ProgramData\\Anaconda3\\Lib\\site-packages\\cryptography\\hazmat\\primitives\\asymmetric\\__pycache__\\padding.cpython-37.pyc', reloading
[2023-02-28 12:27:54,415]^;INFO^;88^;_internal.py^;_log()^; * Detected change in 'C:\\ProgramData\\Anaconda3\\Lib\\site-packages\\cryptography\\hazmat\\backends\\openssl\\__pycache__\\x25519.cpython-37.pyc', reloading
[2023-02-28 12:27:54,416]^;INFO^;88^;_internal.py^;_log()^; * Detected change in 'C:\\ProgramData\\Anaconda3\\Lib\\site-packages\\cryptography\\hazmat\\primitives\\asymmetric\\__pycache__\\x25519.cpython-37.pyc', reloading
[2023-02-28 12:27:54,417]^;INFO^;88^;_internal.py^;_log()^; * Detected change in 'C:\\ProgramData\\Anaconda3\\Lib\\site-packages\\cryptography\\hazmat\\backends\\openssl\\__pycache__\\x448.cpython-37.pyc', reloading
[2023-02-28 12:27:54,418]^;INFO^;88^;_internal.py^;_log()^; * Detected change in 'C:\\ProgramData\\Anaconda3\\Lib\\site-packages\\cryptography\\hazmat\\primitives\\asymmetric\\__pycache__\\x448.cpython-37.pyc', reloading
[2023-02-28 12:27:54,420]^;INFO^;88^;_internal.py^;_log()^; * Detected change in 'C:\\ProgramData\\Anaconda3\\Lib\\site-packages\\cryptography\\hazmat\\primitives\\ciphers\\__pycache__\\algorithms.cpython-37.pyc', reloading
[2023-02-28 12:27:54,421]^;INFO^;88^;_internal.py^;_log()^; * Detected change in 'C:\\ProgramData\\Anaconda3\\Lib\\site-packages\\cryptography\\hazmat\\primitives\\kdf\\__pycache__\\__init__.cpython-37.pyc', reloading
[2023-02-28 12:27:54,423]^;INFO^;88^;_internal.py^;_log()^; * Detected change in 'C:\\ProgramData\\Anaconda3\\Lib\\site-packages\\cryptography\\hazmat\\primitives\\kdf\\__pycache__\\scrypt.cpython-37.pyc', reloading
[2023-02-28 12:27:54,427]^;INFO^;88^;_internal.py^;_log()^; * Detected change in 'C:\\ProgramData\\Anaconda3\\Lib\\site-packages\\urllib3\\packages\\backports\\__pycache__\\__init__.cpython-37.pyc', reloading
[2023-02-28 12:27:54,428]^;INFO^;88^;_internal.py^;_log()^; * Detected change in 'C:\\ProgramData\\Anaconda3\\Lib\\site-packages\\urllib3\\packages\\backports\\__pycache__\\makefile.cpython-37.pyc', reloading
[2023-02-28 12:27:54,432]^;INFO^;88^;_internal.py^;_log()^; * Detected change in 'C:\\ProgramData\\Anaconda3\\Lib\\site-packages\\requests\\__pycache__\\__version__.cpython-37.pyc', reloading
[2023-02-28 12:27:54,433]^;INFO^;88^;_internal.py^;_log()^; * Detected change in 'C:\\ProgramData\\Anaconda3\\Lib\\site-packages\\requests\\__pycache__\\utils.cpython-37.pyc', reloading
[2023-02-28 12:27:54,435]^;INFO^;88^;_internal.py^;_log()^; * Detected change in 'C:\\ProgramData\\Anaconda3\\Lib\\__pycache__\\zipfile.cpython-37.pyc', reloading
[2023-02-28 12:27:54,437]^;INFO^;88^;_internal.py^;_log()^; * Detected change in 'C:\\ProgramData\\Anaconda3\\Lib\\site-packages\\requests\\__pycache__\\certs.cpython-37.pyc', reloading
[2023-02-28 12:27:54,438]^;INFO^;88^;_internal.py^;_log()^; * Detected change in 'C:\\ProgramData\\Anaconda3\\Lib\\site-packages\\certifi\\__pycache__\\__init__.cpython-37.pyc', reloading
[2023-02-28 12:27:54,438]^;INFO^;88^;_internal.py^;_log()^; * Detected change in 'C:\\ProgramData\\Anaconda3\\Lib\\site-packages\\certifi\\__pycache__\\core.cpython-37.pyc', reloading
[2023-02-28 12:27:54,439]^;INFO^;88^;_internal.py^;_log()^; * Detected change in 'C:\\ProgramData\\Anaconda3\\Lib\\site-packages\\requests\\__pycache__\\_internal_utils.cpython-37.pyc', reloading
[2023-02-28 12:27:54,440]^;INFO^;88^;_internal.py^;_log()^; * Detected change in 'C:\\ProgramData\\Anaconda3\\Lib\\site-packages\\requests\\__pycache__\\compat.cpython-37.pyc', reloading
[2023-02-28 12:27:54,442]^;INFO^;88^;_internal.py^;_log()^; * Detected change in 'C:\\ProgramData\\Anaconda3\\Lib\\urllib\\__pycache__\\request.cpython-37.pyc', reloading
[2023-02-28 12:27:54,443]^;INFO^;88^;_internal.py^;_log()^; * Detected change in 'C:\\ProgramData\\Anaconda3\\Lib\\urllib\\__pycache__\\error.cpython-37.pyc', reloading
[2023-02-28 12:27:54,443]^;INFO^;88^;_internal.py^;_log()^; * Detected change in 'C:\\ProgramData\\Anaconda3\\Lib\\urllib\\__pycache__\\response.cpython-37.pyc', reloading
[2023-02-28 12:27:54,445]^;INFO^;88^;_internal.py^;_log()^; * Detected change in 'C:\\ProgramData\\Anaconda3\\Lib\\__pycache__\\nturl2path.cpython-37.pyc', reloading
[2023-02-28 12:27:54,446]^;INFO^;88^;_internal.py^;_log()^; * Detected change in 'C:\\ProgramData\\Anaconda3\\Lib\\http\\__pycache__\\cookiejar.cpython-37.pyc', reloading
[2023-02-28 12:27:54,451]^;INFO^;88^;_internal.py^;_log()^; * Detected change in 'C:\\ProgramData\\Anaconda3\\Lib\\http\\__pycache__\\cookies.cpython-37.pyc', reloading
[2023-02-28 12:27:54,454]^;INFO^;88^;_internal.py^;_log()^; * Detected change in 'C:\\ProgramData\\Anaconda3\\Lib\\site-packages\\requests\\__pycache__\\cookies.cpython-37.pyc', reloading
[2023-02-28 12:27:54,456]^;INFO^;88^;_internal.py^;_log()^; * Detected change in 'C:\\ProgramData\\Anaconda3\\Lib\\site-packages\\requests\\__pycache__\\structures.cpython-37.pyc', reloading
[2023-02-28 12:27:54,457]^;INFO^;88^;_internal.py^;_log()^; * Detected change in 'C:\\ProgramData\\Anaconda3\\Lib\\site-packages\\requests\\__pycache__\\packages.cpython-37.pyc', reloading
[2023-02-28 12:27:54,458]^;INFO^;88^;_internal.py^;_log()^; * Detected change in 'C:\\ProgramData\\Anaconda3\\Lib\\site-packages\\idna\\__pycache__\\__init__.cpython-37.pyc', reloading
[2023-02-28 12:27:54,459]^;INFO^;88^;_internal.py^;_log()^; * Detected change in 'C:\\ProgramData\\Anaconda3\\Lib\\site-packages\\idna\\__pycache__\\package_data.cpython-37.pyc', reloading
[2023-02-28 12:27:54,460]^;INFO^;88^;_internal.py^;_log()^; * Detected change in 'C:\\ProgramData\\Anaconda3\\Lib\\site-packages\\idna\\__pycache__\\core.cpython-37.pyc', reloading
[2023-02-28 12:27:54,462]^;INFO^;88^;_internal.py^;_log()^; * Detected change in 'C:\\ProgramData\\Anaconda3\\Lib\\site-packages\\idna\\__pycache__\\idnadata.cpython-37.pyc', reloading
[2023-02-28 12:27:54,463]^;INFO^;88^;_internal.py^;_log()^; * Detected change in 'C:\\ProgramData\\Anaconda3\\Lib\\site-packages\\idna\\__pycache__\\intranges.cpython-37.pyc', reloading
[2023-02-28 12:27:54,465]^;INFO^;88^;_internal.py^;_log()^; * Detected change in 'C:\\ProgramData\\Anaconda3\\Lib\\site-packages\\requests\\__pycache__\\models.cpython-37.pyc', reloading
[2023-02-28 12:27:54,466]^;INFO^;88^;_internal.py^;_log()^; * Detected change in 'C:\\ProgramData\\Anaconda3\\Lib\\site-packages\\requests\\__pycache__\\hooks.cpython-37.pyc', reloading
[2023-02-28 12:27:54,467]^;INFO^;88^;_internal.py^;_log()^; * Detected change in 'C:\\ProgramData\\Anaconda3\\Lib\\site-packages\\requests\\__pycache__\\auth.cpython-37.pyc', reloading
[2023-02-28 12:27:54,469]^;INFO^;88^;_internal.py^;_log()^; * Detected change in 'C:\\ProgramData\\Anaconda3\\Lib\\site-packages\\requests\\__pycache__\\status_codes.cpython-37.pyc', reloading
[2023-02-28 12:27:54,471]^;INFO^;88^;_internal.py^;_log()^; * Detected change in 'C:\\ProgramData\\Anaconda3\\Lib\\site-packages\\requests\\__pycache__\\api.cpython-37.pyc', reloading
[2023-02-28 12:27:54,472]^;INFO^;88^;_internal.py^;_log()^; * Detected change in 'C:\\ProgramData\\Anaconda3\\Lib\\site-packages\\requests\\__pycache__\\sessions.cpython-37.pyc', reloading
[2023-02-28 12:27:54,474]^;INFO^;88^;_internal.py^;_log()^; * Detected change in 'C:\\ProgramData\\Anaconda3\\Lib\\site-packages\\requests\\__pycache__\\adapters.cpython-37.pyc', reloading
[2023-02-28 12:27:54,475]^;INFO^;88^;_internal.py^;_log()^; * Detected change in 'C:\\ProgramData\\Anaconda3\\Lib\\site-packages\\urllib3\\contrib\\__pycache__\\socks.cpython-37.pyc', reloading
[2023-02-28 12:27:54,476]^;INFO^;88^;_internal.py^;_log()^; * Detected change in 'C:\\ProgramData\\Anaconda3\\Lib\\site-packages\\__pycache__\\socks.cpython-37.pyc', reloading
[2023-02-28 12:27:54,478]^;INFO^;88^;_internal.py^;_log()^; * Detected change in 'C:\\ProgramData\\Anaconda3\\Lib\\site-packages\\conda_env\\__pycache__\\__init__.cpython-37.pyc', reloading
[2023-02-28 12:27:54,479]^;INFO^;88^;_internal.py^;_log()^; * Detected change in 'C:\\ProgramData\\Anaconda3\\Lib\\site-packages\\conda_build\\__pycache__\\__init__.cpython-37.pyc', reloading
[2023-02-28 12:27:54,480]^;INFO^;88^;_internal.py^;_log()^; * Detected change in 'C:\\ProgramData\\Anaconda3\\Lib\\site-packages\\conda_build\\__pycache__\\_version.cpython-37.pyc', reloading
[2023-02-28 12:27:54,486]^;INFO^;88^;_internal.py^;_log()^; * Detected change in 'C:\\ProgramData\\Anaconda3\\Lib\\site-packages\\win32comext\\shell\\__pycache__\\shellcon.cpython-37.pyc', reloading
[2023-02-28 12:27:54,503]^;INFO^;88^;_internal.py^;_log()^; * Detected change in 'C:\\ProgramData\\Anaconda3\\Lib\\site-packages\\conda\\core\\__pycache__\\envs_manager.cpython-37.pyc', reloading
[2023-02-28 12:27:54,556]^;INFO^;88^;_internal.py^;_log()^; * Detected change in 'G:\\DataScience_Projects\\Fourth_Project\\Insurance_Premium\\app.py', reloading
[2023-02-28 12:27:54,599]^;INFO^;88^;_internal.py^;_log()^; * Detected change in 'G:\\DataScience_Projects\\Fourth_Project\\Insurance_Premium\\insurancepre\\entity\\config_entity.py', reloading
[2023-02-28 12:27:54,614]^;INFO^;88^;_internal.py^;_log()^; * Detected change in 'G:\\DataScience_Projects\\Fourth_Project\\Insurance_Premium\\insurancepre\\exception\\__init__.py', reloading
[2023-02-28 12:27:54,630]^;INFO^;88^;_internal.py^;_log()^; * Detected change in 'G:\\DataScience_Projects\\Fourth_Project\\Insurance_Premium\\insurancepre\\logger\\__init__.py', reloading
[2023-02-28 12:27:54,640]^;INFO^;88^;_internal.py^;_log()^; * Detected change in 'G:\\DataScience_Projects\\Fourth_Project\\Insurance_Premium\\setup.py', reloading
